<?xml version="1.0" encoding="UTF-8"?>
<robot generator="Robot 6.0 (Python 3.10.2 on win32)" generated="20221026 03:03:46.645" rpa="false" schemaversion="3">
<suite id="s1" name="Ui Suite" source="c:\Mine\Company\SignantHealth\signant_health_framework\ui_suite">
<suite id="s1-s1" name="Tests" source="c:\Mine\Company\SignantHealth\signant_health_framework\ui_suite\tests">
<suite id="s1-s1-s1" name="Register Suite" source="c:\Mine\Company\SignantHealth\signant_health_framework\ui_suite\tests\1__register_suite">
<suite id="s1-s1-s1-s1" name="Valid Register Suite" source="c:\Mine\Company\SignantHealth\signant_health_framework\ui_suite\tests\1__register_suite\1__valid_register_suite.robot">
<test id="s1-s1-s1-s1-t1" name="Valid Register Test TC1" line="13">
<kw name="Launch Browser And Navigate To Demo App" library="CommonFunctionality" type="SETUP">
<kw name="Get Driver Path" library="driver_setup">
<var>${driver_path}</var>
<arg>${BROWSER_NAME}</arg>
<msg timestamp="20221026 03:03:47.224" level="INFO">====== WebDriver manager ======</msg>
<msg timestamp="20221026 03:03:47.682" level="INFO">Get LATEST chromedriver version for google-chrome 106.0.5249</msg>
<msg timestamp="20221026 03:03:48.383" level="INFO">Driver [C:\Users\JiDi\.wdm\drivers\chromedriver\win32\106.0.5249\chromedriver.exe] found in cache</msg>
<msg timestamp="20221026 03:03:48.383" level="INFO">${driver_path} = C:\Users\JiDi\.wdm\drivers\chromedriver\win32\106.0.5249\chromedriver.exe</msg>
<status status="PASS" starttime="20221026 03:03:47.224" endtime="20221026 03:03:48.383"/>
</kw>
<kw name="Open Browser" library="SeleniumLibrary">
<arg>browser=${BROWSER_NAME}</arg>
<arg>executable_path=${driver_path}</arg>
<doc>Opens a new browser instance to the optional ``url``.</doc>
<msg timestamp="20221026 03:03:48.383" level="INFO">Opening browser 'chrome' to base url 'None'.</msg>
<status status="PASS" starttime="20221026 03:03:48.383" endtime="20221026 03:03:50.073"/>
</kw>
<kw name="Maximize Browser Window" library="SeleniumLibrary">
<doc>Maximizes current browser window.</doc>
<status status="PASS" starttime="20221026 03:03:50.073" endtime="20221026 03:03:50.246"/>
</kw>
<kw name="Set Selenium Implicit Wait" library="SeleniumLibrary">
<arg>10s</arg>
<doc>Sets the implicit wait value used by Selenium.</doc>
<status status="PASS" starttime="20221026 03:03:50.249" endtime="20221026 03:03:50.255"/>
</kw>
<kw name="Set Selenium Timeout" library="SeleniumLibrary">
<arg>value=10s</arg>
<doc>Sets the timeout that is used by various keywords.</doc>
<status status="PASS" starttime="20221026 03:03:50.256" endtime="20221026 03:03:50.259"/>
</kw>
<kw name="Set Screenshot Directory" library="SeleniumLibrary">
<arg>path=UI_Suite/screenshot</arg>
<doc>Sets the directory for captured screenshots.</doc>
<status status="PASS" starttime="20221026 03:03:50.259" endtime="20221026 03:03:50.261"/>
</kw>
<kw name="Go To" library="SeleniumLibrary">
<arg>url=${URL}</arg>
<doc>Navigates the current browser window to the provided ``url``.</doc>
<msg timestamp="20221026 03:03:50.261" level="INFO">Opening url 'http://localhost:8080/'</msg>
<status status="PASS" starttime="20221026 03:03:50.261" endtime="20221026 03:03:51.422"/>
</kw>
<status status="PASS" starttime="20221026 03:03:47.224" endtime="20221026 03:03:51.422"/>
</kw>
<kw name="Valid Register Template">
<arg>bala_01</arg>
<arg>bala0017</arg>
<arg>Balaji</arg>
<arg>Dinakaran</arg>
<arg>809567</arg>
<arg>Log In</arg>
<kw name="Click Register" library="HomePage">
<doc>Click on Register Link</doc>
<kw name="Click Element" library="SeleniumLibrary">
<arg>${REGISTER_LOCATOR}</arg>
<doc>Click the element identified by ``locator``.</doc>
<msg timestamp="20221026 03:03:51.430" level="INFO">Clicking element 'link=Register'.</msg>
<status status="PASS" starttime="20221026 03:03:51.430" endtime="20221026 03:03:51.902"/>
</kw>
<status status="PASS" starttime="20221026 03:03:51.422" endtime="20221026 03:03:51.902"/>
</kw>
<kw name="Enter Username" library="RegisterPage">
<arg>${username}</arg>
<doc>Types the given text into username field</doc>
<kw name="Input Text" library="SeleniumLibrary">
<arg>${USERNAME_LOCATOR}</arg>
<arg>${username}</arg>
<doc>Types the given ``text`` into the text field identified by ``locator``.</doc>
<msg timestamp="20221026 03:03:51.902" level="INFO">Typing text 'bala_01' into text field 'css=#username'.</msg>
<status status="PASS" starttime="20221026 03:03:51.902" endtime="20221026 03:03:52.014"/>
</kw>
<status status="PASS" starttime="20221026 03:03:51.902" endtime="20221026 03:03:52.014"/>
</kw>
<kw name="Enter Password" library="RegisterPage">
<arg>${password}</arg>
<doc>Types the given text into password field</doc>
<kw name="Input Text" library="SeleniumLibrary">
<arg>${PASSWORD_LOCATOR}</arg>
<arg>${password}</arg>
<doc>Types the given ``text`` into the text field identified by ``locator``.</doc>
<msg timestamp="20221026 03:03:52.014" level="INFO">Typing text 'bala0017' into text field 'css=#password'.</msg>
<status status="PASS" starttime="20221026 03:03:52.014" endtime="20221026 03:03:52.094"/>
</kw>
<status status="PASS" starttime="20221026 03:03:52.014" endtime="20221026 03:03:52.094"/>
</kw>
<kw name="Enter Firstname" library="RegisterPage">
<arg>${firstname}</arg>
<doc>Types the given text into firstname field</doc>
<kw name="Input Text" library="SeleniumLibrary">
<arg>${FIRSTNAME_LOCATOR}</arg>
<arg>${firstname}</arg>
<doc>Types the given ``text`` into the text field identified by ``locator``.</doc>
<msg timestamp="20221026 03:03:52.102" level="INFO">Typing text 'Balaji' into text field 'css=#firstname'.</msg>
<status status="PASS" starttime="20221026 03:03:52.102" endtime="20221026 03:03:52.182"/>
</kw>
<status status="PASS" starttime="20221026 03:03:52.102" endtime="20221026 03:03:52.182"/>
</kw>
<kw name="Enter Familyname" library="RegisterPage">
<arg>${familyname}</arg>
<doc>Types the given text into familyname field</doc>
<kw name="Input Text" library="SeleniumLibrary">
<arg>${FAMILYNAME_LOCATOR}</arg>
<arg>${familyname}</arg>
<doc>Types the given ``text`` into the text field identified by ``locator``.</doc>
<msg timestamp="20221026 03:03:52.182" level="INFO">Typing text 'Dinakaran' into text field 'css=#lastname'.</msg>
<status status="PASS" starttime="20221026 03:03:52.182" endtime="20221026 03:03:52.262"/>
</kw>
<status status="PASS" starttime="20221026 03:03:52.182" endtime="20221026 03:03:52.262"/>
</kw>
<kw name="Enter Phone" library="RegisterPage">
<arg>${phone}</arg>
<doc>Types the given text into password field</doc>
<kw name="Input Text" library="SeleniumLibrary">
<arg>${PHONE_LOCAOTR}</arg>
<arg>${phone}</arg>
<doc>Types the given ``text`` into the text field identified by ``locator``.</doc>
<msg timestamp="20221026 03:03:52.262" level="INFO">Typing text '809567' into text field 'css=#phone'.</msg>
<status status="PASS" starttime="20221026 03:03:52.262" endtime="20221026 03:03:52.334"/>
</kw>
<status status="PASS" starttime="20221026 03:03:52.262" endtime="20221026 03:03:52.334"/>
</kw>
<kw name="Click Register Button" library="RegisterPage">
<doc>Click on Register Button</doc>
<kw name="Click Button" library="SeleniumLibrary">
<arg>${REGISTERBUTTON_LOCATOR}</arg>
<doc>Clicks the button identified by ``locator``.</doc>
<msg timestamp="20221026 03:03:52.342" level="INFO">Clicking button 'Register'.</msg>
<status status="PASS" starttime="20221026 03:03:52.334" endtime="20221026 03:03:53.318"/>
</kw>
<status status="PASS" starttime="20221026 03:03:52.334" endtime="20221026 03:03:53.318"/>
</kw>
<kw name="Validate LogIn Header" library="LoginPage">
<arg>${expected_value}</arg>
<doc>Click on Register Button</doc>
<kw name="Element Text Should Be" library="SeleniumLibrary">
<arg>locator=${LOGINHEADER_LOCATOR}</arg>
<arg>expected=${expected_value}</arg>
<arg>message=Login Page should have been displayed</arg>
<doc>Verifies that element ``locator`` contains exact the text ``expected``.</doc>
<msg timestamp="20221026 03:03:53.334" level="INFO">Verifying element 'xpath=//section[@class='content']//h1' contains exact text 'Log In'.</msg>
<status status="PASS" starttime="20221026 03:03:53.326" endtime="20221026 03:03:53.454"/>
</kw>
<status status="PASS" starttime="20221026 03:03:53.318" endtime="20221026 03:03:53.454"/>
</kw>
<status status="PASS" starttime="20221026 03:03:51.422" endtime="20221026 03:03:53.454"/>
</kw>
<kw name="Close Browser" library="SeleniumLibrary" type="TEARDOWN">
<doc>Closes the current browser.</doc>
<status status="PASS" starttime="20221026 03:03:53.454" endtime="20221026 03:03:55.654"/>
</kw>
<status status="PASS" starttime="20221026 03:03:47.224" endtime="20221026 03:03:55.654"/>
</test>
<doc>Valid account registration
Test case TC_01 and test data present in valid_register_test.csv</doc>
<status status="PASS" starttime="20221026 03:03:46.715" endtime="20221026 03:03:55.662"/>
</suite>
<suite id="s1-s1-s1-s2" name="Invalid Register Suite" source="c:\Mine\Company\SignantHealth\signant_health_framework\ui_suite\tests\1__register_suite\2__invalid_register_suite.robot">
<test id="s1-s1-s1-s2-t1" name="Register With Existing Account Test TC1" line="12">
<kw name="Launch Browser And Navigate To Demo App" library="CommonFunctionality" type="SETUP">
<kw name="Get Driver Path" library="driver_setup">
<var>${driver_path}</var>
<arg>${BROWSER_NAME}</arg>
<msg timestamp="20221026 03:03:55.758" level="INFO">====== WebDriver manager ======</msg>
<msg timestamp="20221026 03:03:56.542" level="INFO">Get LATEST chromedriver version for google-chrome 106.0.5249</msg>
<msg timestamp="20221026 03:03:57.148" level="INFO">Driver [C:\Users\JiDi\.wdm\drivers\chromedriver\win32\106.0.5249\chromedriver.exe] found in cache</msg>
<msg timestamp="20221026 03:03:57.148" level="INFO">${driver_path} = C:\Users\JiDi\.wdm\drivers\chromedriver\win32\106.0.5249\chromedriver.exe</msg>
<status status="PASS" starttime="20221026 03:03:55.758" endtime="20221026 03:03:57.148"/>
</kw>
<kw name="Open Browser" library="SeleniumLibrary">
<arg>browser=${BROWSER_NAME}</arg>
<arg>executable_path=${driver_path}</arg>
<doc>Opens a new browser instance to the optional ``url``.</doc>
<msg timestamp="20221026 03:03:57.148" level="INFO">Opening browser 'chrome' to base url 'None'.</msg>
<status status="PASS" starttime="20221026 03:03:57.148" endtime="20221026 03:03:58.649"/>
</kw>
<kw name="Maximize Browser Window" library="SeleniumLibrary">
<doc>Maximizes current browser window.</doc>
<status status="PASS" starttime="20221026 03:03:58.649" endtime="20221026 03:03:58.827"/>
</kw>
<kw name="Set Selenium Implicit Wait" library="SeleniumLibrary">
<arg>10s</arg>
<doc>Sets the implicit wait value used by Selenium.</doc>
<status status="PASS" starttime="20221026 03:03:58.828" endtime="20221026 03:03:58.829"/>
</kw>
<kw name="Set Selenium Timeout" library="SeleniumLibrary">
<arg>value=10s</arg>
<doc>Sets the timeout that is used by various keywords.</doc>
<status status="PASS" starttime="20221026 03:03:58.830" endtime="20221026 03:03:58.833"/>
</kw>
<kw name="Set Screenshot Directory" library="SeleniumLibrary">
<arg>path=UI_Suite/screenshot</arg>
<doc>Sets the directory for captured screenshots.</doc>
<status status="PASS" starttime="20221026 03:03:58.833" endtime="20221026 03:03:58.835"/>
</kw>
<kw name="Go To" library="SeleniumLibrary">
<arg>url=${URL}</arg>
<doc>Navigates the current browser window to the provided ``url``.</doc>
<msg timestamp="20221026 03:03:58.837" level="INFO">Opening url 'http://localhost:8080/'</msg>
<status status="PASS" starttime="20221026 03:03:58.836" endtime="20221026 03:03:59.715"/>
</kw>
<status status="PASS" starttime="20221026 03:03:55.758" endtime="20221026 03:03:59.715"/>
</kw>
<kw name="Register With Existing Account Template">
<arg>bala_01</arg>
<arg>bala0017</arg>
<arg>Balaji</arg>
<arg>Dinakaran</arg>
<arg>809567</arg>
<kw name="Click Register" library="HomePage">
<doc>Click on Register Link</doc>
<kw name="Click Element" library="SeleniumLibrary">
<arg>${REGISTER_LOCATOR}</arg>
<doc>Click the element identified by ``locator``.</doc>
<msg timestamp="20221026 03:03:59.723" level="INFO">Clicking element 'link=Register'.</msg>
<status status="PASS" starttime="20221026 03:03:59.723" endtime="20221026 03:04:00.191"/>
</kw>
<status status="PASS" starttime="20221026 03:03:59.723" endtime="20221026 03:04:00.191"/>
</kw>
<kw name="Enter Username" library="RegisterPage">
<arg>${username}</arg>
<doc>Types the given text into username field</doc>
<kw name="Input Text" library="SeleniumLibrary">
<arg>${USERNAME_LOCATOR}</arg>
<arg>${username}</arg>
<doc>Types the given ``text`` into the text field identified by ``locator``.</doc>
<msg timestamp="20221026 03:04:00.199" level="INFO">Typing text 'bala_01' into text field 'css=#username'.</msg>
<status status="PASS" starttime="20221026 03:04:00.199" endtime="20221026 03:04:00.295"/>
</kw>
<status status="PASS" starttime="20221026 03:04:00.191" endtime="20221026 03:04:00.295"/>
</kw>
<kw name="Enter Password" library="RegisterPage">
<arg>${password}</arg>
<doc>Types the given text into password field</doc>
<kw name="Input Text" library="SeleniumLibrary">
<arg>${PASSWORD_LOCATOR}</arg>
<arg>${password}</arg>
<doc>Types the given ``text`` into the text field identified by ``locator``.</doc>
<msg timestamp="20221026 03:04:00.303" level="INFO">Typing text 'bala0017' into text field 'css=#password'.</msg>
<status status="PASS" starttime="20221026 03:04:00.303" endtime="20221026 03:04:00.391"/>
</kw>
<status status="PASS" starttime="20221026 03:04:00.295" endtime="20221026 03:04:00.391"/>
</kw>
<kw name="Enter Firstname" library="RegisterPage">
<arg>${firstname}</arg>
<doc>Types the given text into firstname field</doc>
<kw name="Input Text" library="SeleniumLibrary">
<arg>${FIRSTNAME_LOCATOR}</arg>
<arg>${firstname}</arg>
<doc>Types the given ``text`` into the text field identified by ``locator``.</doc>
<msg timestamp="20221026 03:04:00.391" level="INFO">Typing text 'Balaji' into text field 'css=#firstname'.</msg>
<status status="PASS" starttime="20221026 03:04:00.391" endtime="20221026 03:04:00.471"/>
</kw>
<status status="PASS" starttime="20221026 03:04:00.391" endtime="20221026 03:04:00.471"/>
</kw>
<kw name="Enter Familyname" library="RegisterPage">
<arg>${familyname}</arg>
<doc>Types the given text into familyname field</doc>
<kw name="Input Text" library="SeleniumLibrary">
<arg>${FAMILYNAME_LOCATOR}</arg>
<arg>${familyname}</arg>
<doc>Types the given ``text`` into the text field identified by ``locator``.</doc>
<msg timestamp="20221026 03:04:00.471" level="INFO">Typing text 'Dinakaran' into text field 'css=#lastname'.</msg>
<status status="PASS" starttime="20221026 03:04:00.471" endtime="20221026 03:04:00.551"/>
</kw>
<status status="PASS" starttime="20221026 03:04:00.471" endtime="20221026 03:04:00.551"/>
</kw>
<kw name="Enter Phone" library="RegisterPage">
<arg>${phone}</arg>
<doc>Types the given text into password field</doc>
<kw name="Input Text" library="SeleniumLibrary">
<arg>${PHONE_LOCAOTR}</arg>
<arg>${phone}</arg>
<doc>Types the given ``text`` into the text field identified by ``locator``.</doc>
<msg timestamp="20221026 03:04:00.551" level="INFO">Typing text '809567' into text field 'css=#phone'.</msg>
<status status="PASS" starttime="20221026 03:04:00.551" endtime="20221026 03:04:00.623"/>
</kw>
<status status="PASS" starttime="20221026 03:04:00.551" endtime="20221026 03:04:00.623"/>
</kw>
<kw name="Click Register Button" library="RegisterPage">
<doc>Click on Register Button</doc>
<kw name="Click Button" library="SeleniumLibrary">
<arg>${REGISTERBUTTON_LOCATOR}</arg>
<doc>Clicks the button identified by ``locator``.</doc>
<msg timestamp="20221026 03:04:00.623" level="INFO">Clicking button 'Register'.</msg>
<status status="PASS" starttime="20221026 03:04:00.623" endtime="20221026 03:04:01.039"/>
</kw>
<status status="PASS" starttime="20221026 03:04:00.623" endtime="20221026 03:04:01.039"/>
</kw>
<kw name="Validate Existing User Message" library="RegisterPage">
<arg>${expected_message}</arg>
<doc>Click on Register Button</doc>
<kw name="Element Should Contain" library="SeleniumLibrary">
<arg>locator=${ERRORMESSAGE_LOCATOR}</arg>
<arg>expected=${expected_message}</arg>
<arg>message=User should have been displayed with message as 'User is already registered'</arg>
<doc>Verifies that element ``locator`` contains text ``expected``.</doc>
<msg timestamp="20221026 03:04:01.127" level="INFO">Element 'xpath=//div[contains(text(),'already')]' contains text ''.</msg>
<status status="PASS" starttime="20221026 03:04:01.047" endtime="20221026 03:04:01.127"/>
</kw>
<status status="PASS" starttime="20221026 03:04:01.039" endtime="20221026 03:04:01.127"/>
</kw>
<status status="PASS" starttime="20221026 03:03:59.715" endtime="20221026 03:04:01.127"/>
</kw>
<kw name="Close Browser" library="SeleniumLibrary" type="TEARDOWN">
<doc>Closes the current browser.</doc>
<status status="PASS" starttime="20221026 03:04:01.127" endtime="20221026 03:04:03.300"/>
</kw>
<status status="PASS" starttime="20221026 03:03:55.750" endtime="20221026 03:04:03.300"/>
</test>
<doc>Invalid account registration
Test case TC_02 and test data present in invalid_existing_register_test.csv</doc>
<status status="PASS" starttime="20221026 03:03:55.678" endtime="20221026 03:04:03.308"/>
</suite>
<suite id="s1-s1-s1-s3" name="Invalid Register Tooltip Suite" source="c:\Mine\Company\SignantHealth\signant_health_framework\ui_suite\tests\1__register_suite\3__invalid_register_tooltip_suite.robot">
<test id="s1-s1-s1-s3-t1" name="Empty Username Tooltip Test" line="13">
<kw name="Launch Browser And Navigate To Demo App" library="CommonFunctionality" type="SETUP">
<kw name="Get Driver Path" library="driver_setup">
<var>${driver_path}</var>
<arg>${BROWSER_NAME}</arg>
<msg timestamp="20221026 03:04:03.389" level="INFO">====== WebDriver manager ======</msg>
<msg timestamp="20221026 03:04:04.147" level="INFO">Get LATEST chromedriver version for google-chrome 106.0.5249</msg>
<msg timestamp="20221026 03:04:04.973" level="INFO">Driver [C:\Users\JiDi\.wdm\drivers\chromedriver\win32\106.0.5249\chromedriver.exe] found in cache</msg>
<msg timestamp="20221026 03:04:04.981" level="INFO">${driver_path} = C:\Users\JiDi\.wdm\drivers\chromedriver\win32\106.0.5249\chromedriver.exe</msg>
<status status="PASS" starttime="20221026 03:04:03.389" endtime="20221026 03:04:04.981"/>
</kw>
<kw name="Open Browser" library="SeleniumLibrary">
<arg>browser=${BROWSER_NAME}</arg>
<arg>executable_path=${driver_path}</arg>
<doc>Opens a new browser instance to the optional ``url``.</doc>
<msg timestamp="20221026 03:04:04.981" level="INFO">Opening browser 'chrome' to base url 'None'.</msg>
<status status="PASS" starttime="20221026 03:04:04.981" endtime="20221026 03:04:06.309"/>
</kw>
<kw name="Maximize Browser Window" library="SeleniumLibrary">
<doc>Maximizes current browser window.</doc>
<status status="PASS" starttime="20221026 03:04:06.309" endtime="20221026 03:04:06.469"/>
</kw>
<kw name="Set Selenium Implicit Wait" library="SeleniumLibrary">
<arg>10s</arg>
<doc>Sets the implicit wait value used by Selenium.</doc>
<status status="PASS" starttime="20221026 03:04:06.469" endtime="20221026 03:04:06.477"/>
</kw>
<kw name="Set Selenium Timeout" library="SeleniumLibrary">
<arg>value=10s</arg>
<doc>Sets the timeout that is used by various keywords.</doc>
<status status="PASS" starttime="20221026 03:04:06.477" endtime="20221026 03:04:06.477"/>
</kw>
<kw name="Set Screenshot Directory" library="SeleniumLibrary">
<arg>path=UI_Suite/screenshot</arg>
<doc>Sets the directory for captured screenshots.</doc>
<status status="PASS" starttime="20221026 03:04:06.477" endtime="20221026 03:04:06.485"/>
</kw>
<kw name="Go To" library="SeleniumLibrary">
<arg>url=${URL}</arg>
<doc>Navigates the current browser window to the provided ``url``.</doc>
<msg timestamp="20221026 03:04:06.485" level="INFO">Opening url 'http://localhost:8080/'</msg>
<status status="PASS" starttime="20221026 03:04:06.485" endtime="20221026 03:04:07.653"/>
</kw>
<status status="PASS" starttime="20221026 03:04:03.381" endtime="20221026 03:04:07.653"/>
</kw>
<kw name="Register Without Filling Required Field Template">
<arg>${EMPTY}</arg>
<arg>welcome@123</arg>
<arg>john</arg>
<arg>wick</arg>
<arg>3344</arg>
<arg>Please fill out this field.</arg>
<kw name="Click Register" library="HomePage">
<doc>Click on Register Link</doc>
<kw name="Click Element" library="SeleniumLibrary">
<arg>${REGISTER_LOCATOR}</arg>
<doc>Click the element identified by ``locator``.</doc>
<msg timestamp="20221026 03:04:07.661" level="INFO">Clicking element 'link=Register'.</msg>
<status status="PASS" starttime="20221026 03:04:07.661" endtime="20221026 03:04:08.109"/>
</kw>
<status status="PASS" starttime="20221026 03:04:07.661" endtime="20221026 03:04:08.109"/>
</kw>
<kw name="Enter Username" library="RegisterPage">
<arg>${username}</arg>
<doc>Types the given text into username field</doc>
<kw name="Input Text" library="SeleniumLibrary">
<arg>${USERNAME_LOCATOR}</arg>
<arg>${username}</arg>
<doc>Types the given ``text`` into the text field identified by ``locator``.</doc>
<msg timestamp="20221026 03:04:08.117" level="INFO">Typing text '' into text field 'css=#username'.</msg>
<status status="PASS" starttime="20221026 03:04:08.117" endtime="20221026 03:04:08.257"/>
</kw>
<status status="PASS" starttime="20221026 03:04:08.109" endtime="20221026 03:04:08.257"/>
</kw>
<kw name="Enter Password" library="RegisterPage">
<arg>${password}</arg>
<doc>Types the given text into password field</doc>
<kw name="Input Text" library="SeleniumLibrary">
<arg>${PASSWORD_LOCATOR}</arg>
<arg>${password}</arg>
<doc>Types the given ``text`` into the text field identified by ``locator``.</doc>
<msg timestamp="20221026 03:04:08.265" level="INFO">Typing text 'welcome@123' into text field 'css=#password'.</msg>
<status status="PASS" starttime="20221026 03:04:08.257" endtime="20221026 03:04:08.385"/>
</kw>
<status status="PASS" starttime="20221026 03:04:08.257" endtime="20221026 03:04:08.385"/>
</kw>
<kw name="Enter Firstname" library="RegisterPage">
<arg>${firstname}</arg>
<doc>Types the given text into firstname field</doc>
<kw name="Input Text" library="SeleniumLibrary">
<arg>${FIRSTNAME_LOCATOR}</arg>
<arg>${firstname}</arg>
<doc>Types the given ``text`` into the text field identified by ``locator``.</doc>
<msg timestamp="20221026 03:04:08.393" level="INFO">Typing text 'john' into text field 'css=#firstname'.</msg>
<status status="PASS" starttime="20221026 03:04:08.385" endtime="20221026 03:04:08.505"/>
</kw>
<status status="PASS" starttime="20221026 03:04:08.385" endtime="20221026 03:04:08.505"/>
</kw>
<kw name="Enter Familyname" library="RegisterPage">
<arg>${familyname}</arg>
<doc>Types the given text into familyname field</doc>
<kw name="Input Text" library="SeleniumLibrary">
<arg>${FAMILYNAME_LOCATOR}</arg>
<arg>${familyname}</arg>
<doc>Types the given ``text`` into the text field identified by ``locator``.</doc>
<msg timestamp="20221026 03:04:08.505" level="INFO">Typing text 'wick' into text field 'css=#lastname'.</msg>
<status status="PASS" starttime="20221026 03:04:08.505" endtime="20221026 03:04:08.609"/>
</kw>
<status status="PASS" starttime="20221026 03:04:08.505" endtime="20221026 03:04:08.617"/>
</kw>
<kw name="Enter Phone" library="RegisterPage">
<arg>${phone}</arg>
<doc>Types the given text into password field</doc>
<kw name="Input Text" library="SeleniumLibrary">
<arg>${PHONE_LOCAOTR}</arg>
<arg>${phone}</arg>
<doc>Types the given ``text`` into the text field identified by ``locator``.</doc>
<msg timestamp="20221026 03:04:08.617" level="INFO">Typing text '3344' into text field 'css=#phone'.</msg>
<status status="PASS" starttime="20221026 03:04:08.617" endtime="20221026 03:04:08.707"/>
</kw>
<status status="PASS" starttime="20221026 03:04:08.617" endtime="20221026 03:04:08.707"/>
</kw>
<kw name="Click Register Button" library="RegisterPage">
<doc>Click on Register Button</doc>
<kw name="Click Button" library="SeleniumLibrary">
<arg>${REGISTERBUTTON_LOCATOR}</arg>
<doc>Clicks the button identified by ``locator``.</doc>
<msg timestamp="20221026 03:04:08.707" level="INFO">Clicking button 'Register'.</msg>
<status status="PASS" starttime="20221026 03:04:08.707" endtime="20221026 03:04:08.788"/>
</kw>
<status status="PASS" starttime="20221026 03:04:08.707" endtime="20221026 03:04:08.788"/>
</kw>
<kw name="Get Tooltip Message" library="RegisterPage">
<var>${actual_tooltip}</var>
<arg>${username}</arg>
<arg>${password}</arg>
<arg>${firstname}</arg>
<arg>${familyname}</arg>
<arg>${phone}</arg>
<doc>Get Tooltip Message For Empty Field</doc>
<if>
<branch type="IF" condition="'${username}' == '${EMPTY}'">
<kw name="Set Local Variable" library="BuiltIn">
<arg>${locator}</arg>
<arg>\#username</arg>
<doc>Makes a variable available everywhere within the local scope.</doc>
<msg timestamp="20221026 03:04:08.788" level="INFO">${locator} = #username</msg>
<status status="PASS" starttime="20221026 03:04:08.788" endtime="20221026 03:04:08.788"/>
</kw>
<status status="PASS" starttime="20221026 03:04:08.788" endtime="20221026 03:04:08.796"/>
</branch>
<branch type="ELSE IF" condition="'${password}' == '${EMPTY}'">
<kw name="Set Local Variable" library="BuiltIn">
<arg>${locator}</arg>
<arg>\#password</arg>
<doc>Makes a variable available everywhere within the local scope.</doc>
<status status="NOT RUN" starttime="20221026 03:04:08.796" endtime="20221026 03:04:08.796"/>
</kw>
<status status="NOT RUN" starttime="20221026 03:04:08.796" endtime="20221026 03:04:08.796"/>
</branch>
<branch type="ELSE IF" condition="'${firstname}' == '${EMPTY}'">
<kw name="Set Local Variable" library="BuiltIn">
<arg>${locator}</arg>
<arg>\#firstname</arg>
<doc>Makes a variable available everywhere within the local scope.</doc>
<status status="NOT RUN" starttime="20221026 03:04:08.796" endtime="20221026 03:04:08.796"/>
</kw>
<status status="NOT RUN" starttime="20221026 03:04:08.796" endtime="20221026 03:04:08.796"/>
</branch>
<branch type="ELSE IF" condition="'${familyname}' == '${EMPTY}'">
<kw name="Set Local Variable" library="BuiltIn">
<arg>${locator}</arg>
<arg>\#lastname</arg>
<doc>Makes a variable available everywhere within the local scope.</doc>
<status status="NOT RUN" starttime="20221026 03:04:08.796" endtime="20221026 03:04:08.796"/>
</kw>
<status status="NOT RUN" starttime="20221026 03:04:08.796" endtime="20221026 03:04:08.796"/>
</branch>
<branch type="ELSE IF" condition="'${phone}' == '${EMPTY}'">
<kw name="Set Local Variable" library="BuiltIn">
<arg>${locator}</arg>
<arg>\#phone</arg>
<doc>Makes a variable available everywhere within the local scope.</doc>
<status status="NOT RUN" starttime="20221026 03:04:08.796" endtime="20221026 03:04:08.796"/>
</kw>
<status status="NOT RUN" starttime="20221026 03:04:08.796" endtime="20221026 03:04:08.796"/>
</branch>
<status status="PASS" starttime="20221026 03:04:08.788" endtime="20221026 03:04:08.796"/>
</if>
<kw name="Execute Javascript" library="SeleniumLibrary">
<var>${actual_tooltip}</var>
<arg>return document.querySelector('${locator}').validationMessage</arg>
<doc>Executes the given JavaScript code with possible arguments.</doc>
<msg timestamp="20221026 03:04:08.796" level="INFO">Executing JavaScript:
return document.querySelector('#username').validationMessage
Without any arguments.</msg>
<msg timestamp="20221026 03:04:08.804" level="INFO">${actual_tooltip} = Please fill out this field.</msg>
<status status="PASS" starttime="20221026 03:04:08.796" endtime="20221026 03:04:08.804"/>
</kw>
<msg timestamp="20221026 03:04:08.804" level="INFO">${actual_tooltip} = Please fill out this field.</msg>
<status status="PASS" starttime="20221026 03:04:08.788" endtime="20221026 03:04:08.804"/>
</kw>
<kw name="Should Be Equal" library="BuiltIn">
<arg>${expected_tooltip}</arg>
<arg>${actual_tooltip}</arg>
<doc>Fails if the given objects are unequal.</doc>
<status status="PASS" starttime="20221026 03:04:08.804" endtime="20221026 03:04:08.804"/>
</kw>
<status status="PASS" starttime="20221026 03:04:07.653" endtime="20221026 03:04:08.804"/>
</kw>
<kw name="Close Browser" library="SeleniumLibrary" type="TEARDOWN">
<doc>Closes the current browser.</doc>
<status status="PASS" starttime="20221026 03:04:08.804" endtime="20221026 03:04:10.956"/>
</kw>
<doc>Verify username tooltip message</doc>
<status status="PASS" starttime="20221026 03:04:03.381" endtime="20221026 03:04:10.956"/>
</test>
<test id="s1-s1-s1-s3-t2" name="Empty Password Tooltip Test" line="17">
<kw name="Launch Browser And Navigate To Demo App" library="CommonFunctionality" type="SETUP">
<kw name="Get Driver Path" library="driver_setup">
<var>${driver_path}</var>
<arg>${BROWSER_NAME}</arg>
<msg timestamp="20221026 03:04:10.964" level="INFO">====== WebDriver manager ======</msg>
<msg timestamp="20221026 03:04:11.572" level="INFO">Get LATEST chromedriver version for google-chrome 106.0.5249</msg>
<msg timestamp="20221026 03:04:12.359" level="INFO">Driver [C:\Users\JiDi\.wdm\drivers\chromedriver\win32\106.0.5249\chromedriver.exe] found in cache</msg>
<msg timestamp="20221026 03:04:12.359" level="INFO">${driver_path} = C:\Users\JiDi\.wdm\drivers\chromedriver\win32\106.0.5249\chromedriver.exe</msg>
<status status="PASS" starttime="20221026 03:04:10.956" endtime="20221026 03:04:12.359"/>
</kw>
<kw name="Open Browser" library="SeleniumLibrary">
<arg>browser=${BROWSER_NAME}</arg>
<arg>executable_path=${driver_path}</arg>
<doc>Opens a new browser instance to the optional ``url``.</doc>
<msg timestamp="20221026 03:04:12.367" level="INFO">Opening browser 'chrome' to base url 'None'.</msg>
<status status="PASS" starttime="20221026 03:04:12.359" endtime="20221026 03:04:13.774"/>
</kw>
<kw name="Maximize Browser Window" library="SeleniumLibrary">
<doc>Maximizes current browser window.</doc>
<status status="PASS" starttime="20221026 03:04:13.774" endtime="20221026 03:04:13.906"/>
</kw>
<kw name="Set Selenium Implicit Wait" library="SeleniumLibrary">
<arg>10s</arg>
<doc>Sets the implicit wait value used by Selenium.</doc>
<status status="PASS" starttime="20221026 03:04:13.906" endtime="20221026 03:04:13.906"/>
</kw>
<kw name="Set Selenium Timeout" library="SeleniumLibrary">
<arg>value=10s</arg>
<doc>Sets the timeout that is used by various keywords.</doc>
<status status="PASS" starttime="20221026 03:04:13.906" endtime="20221026 03:04:13.906"/>
</kw>
<kw name="Set Screenshot Directory" library="SeleniumLibrary">
<arg>path=UI_Suite/screenshot</arg>
<doc>Sets the directory for captured screenshots.</doc>
<status status="PASS" starttime="20221026 03:04:13.906" endtime="20221026 03:04:13.914"/>
</kw>
<kw name="Go To" library="SeleniumLibrary">
<arg>url=${URL}</arg>
<doc>Navigates the current browser window to the provided ``url``.</doc>
<msg timestamp="20221026 03:04:13.914" level="INFO">Opening url 'http://localhost:8080/'</msg>
<status status="PASS" starttime="20221026 03:04:13.914" endtime="20221026 03:04:15.083"/>
</kw>
<status status="PASS" starttime="20221026 03:04:10.956" endtime="20221026 03:04:15.083"/>
</kw>
<kw name="Register Without Filling Required Field Template">
<arg>john0012</arg>
<arg>${EMPTY}</arg>
<arg>john</arg>
<arg>wick</arg>
<arg>3344</arg>
<arg>Please fill out this field.</arg>
<kw name="Click Register" library="HomePage">
<doc>Click on Register Link</doc>
<kw name="Click Element" library="SeleniumLibrary">
<arg>${REGISTER_LOCATOR}</arg>
<doc>Click the element identified by ``locator``.</doc>
<msg timestamp="20221026 03:04:15.091" level="INFO">Clicking element 'link=Register'.</msg>
<status status="PASS" starttime="20221026 03:04:15.091" endtime="20221026 03:04:15.547"/>
</kw>
<status status="PASS" starttime="20221026 03:04:15.083" endtime="20221026 03:04:15.547"/>
</kw>
<kw name="Enter Username" library="RegisterPage">
<arg>${username}</arg>
<doc>Types the given text into username field</doc>
<kw name="Input Text" library="SeleniumLibrary">
<arg>${USERNAME_LOCATOR}</arg>
<arg>${username}</arg>
<doc>Types the given ``text`` into the text field identified by ``locator``.</doc>
<msg timestamp="20221026 03:04:15.555" level="INFO">Typing text 'john0012' into text field 'css=#username'.</msg>
<status status="PASS" starttime="20221026 03:04:15.547" endtime="20221026 03:04:15.675"/>
</kw>
<status status="PASS" starttime="20221026 03:04:15.547" endtime="20221026 03:04:15.675"/>
</kw>
<kw name="Enter Password" library="RegisterPage">
<arg>${password}</arg>
<doc>Types the given text into password field</doc>
<kw name="Input Text" library="SeleniumLibrary">
<arg>${PASSWORD_LOCATOR}</arg>
<arg>${password}</arg>
<doc>Types the given ``text`` into the text field identified by ``locator``.</doc>
<msg timestamp="20221026 03:04:15.675" level="INFO">Typing text '' into text field 'css=#password'.</msg>
<status status="PASS" starttime="20221026 03:04:15.675" endtime="20221026 03:04:15.781"/>
</kw>
<status status="PASS" starttime="20221026 03:04:15.675" endtime="20221026 03:04:15.781"/>
</kw>
<kw name="Enter Firstname" library="RegisterPage">
<arg>${firstname}</arg>
<doc>Types the given text into firstname field</doc>
<kw name="Input Text" library="SeleniumLibrary">
<arg>${FIRSTNAME_LOCATOR}</arg>
<arg>${firstname}</arg>
<doc>Types the given ``text`` into the text field identified by ``locator``.</doc>
<msg timestamp="20221026 03:04:15.789" level="INFO">Typing text 'john' into text field 'css=#firstname'.</msg>
<status status="PASS" starttime="20221026 03:04:15.789" endtime="20221026 03:04:15.990"/>
</kw>
<status status="PASS" starttime="20221026 03:04:15.789" endtime="20221026 03:04:15.990"/>
</kw>
<kw name="Enter Familyname" library="RegisterPage">
<arg>${familyname}</arg>
<doc>Types the given text into familyname field</doc>
<kw name="Input Text" library="SeleniumLibrary">
<arg>${FAMILYNAME_LOCATOR}</arg>
<arg>${familyname}</arg>
<doc>Types the given ``text`` into the text field identified by ``locator``.</doc>
<msg timestamp="20221026 03:04:15.990" level="INFO">Typing text 'wick' into text field 'css=#lastname'.</msg>
<status status="PASS" starttime="20221026 03:04:15.990" endtime="20221026 03:04:16.281"/>
</kw>
<status status="PASS" starttime="20221026 03:04:15.990" endtime="20221026 03:04:16.281"/>
</kw>
<kw name="Enter Phone" library="RegisterPage">
<arg>${phone}</arg>
<doc>Types the given text into password field</doc>
<kw name="Input Text" library="SeleniumLibrary">
<arg>${PHONE_LOCAOTR}</arg>
<arg>${phone}</arg>
<doc>Types the given ``text`` into the text field identified by ``locator``.</doc>
<msg timestamp="20221026 03:04:16.289" level="INFO">Typing text '3344' into text field 'css=#phone'.</msg>
<status status="PASS" starttime="20221026 03:04:16.281" endtime="20221026 03:04:16.524"/>
</kw>
<status status="PASS" starttime="20221026 03:04:16.281" endtime="20221026 03:04:16.532"/>
</kw>
<kw name="Click Register Button" library="RegisterPage">
<doc>Click on Register Button</doc>
<kw name="Click Button" library="SeleniumLibrary">
<arg>${REGISTERBUTTON_LOCATOR}</arg>
<doc>Clicks the button identified by ``locator``.</doc>
<msg timestamp="20221026 03:04:16.540" level="INFO">Clicking button 'Register'.</msg>
<status status="PASS" starttime="20221026 03:04:16.532" endtime="20221026 03:04:16.721"/>
</kw>
<status status="PASS" starttime="20221026 03:04:16.532" endtime="20221026 03:04:16.721"/>
</kw>
<kw name="Get Tooltip Message" library="RegisterPage">
<var>${actual_tooltip}</var>
<arg>${username}</arg>
<arg>${password}</arg>
<arg>${firstname}</arg>
<arg>${familyname}</arg>
<arg>${phone}</arg>
<doc>Get Tooltip Message For Empty Field</doc>
<if>
<branch type="IF" condition="'${username}' == '${EMPTY}'">
<kw name="Set Local Variable" library="BuiltIn">
<arg>${locator}</arg>
<arg>\#username</arg>
<doc>Makes a variable available everywhere within the local scope.</doc>
<status status="NOT RUN" starttime="20221026 03:04:16.729" endtime="20221026 03:04:16.729"/>
</kw>
<status status="NOT RUN" starttime="20221026 03:04:16.729" endtime="20221026 03:04:16.729"/>
</branch>
<branch type="ELSE IF" condition="'${password}' == '${EMPTY}'">
<kw name="Set Local Variable" library="BuiltIn">
<arg>${locator}</arg>
<arg>\#password</arg>
<doc>Makes a variable available everywhere within the local scope.</doc>
<msg timestamp="20221026 03:04:16.737" level="INFO">${locator} = #password</msg>
<status status="PASS" starttime="20221026 03:04:16.737" endtime="20221026 03:04:16.737"/>
</kw>
<status status="PASS" starttime="20221026 03:04:16.737" endtime="20221026 03:04:16.737"/>
</branch>
<branch type="ELSE IF" condition="'${firstname}' == '${EMPTY}'">
<kw name="Set Local Variable" library="BuiltIn">
<arg>${locator}</arg>
<arg>\#firstname</arg>
<doc>Makes a variable available everywhere within the local scope.</doc>
<status status="NOT RUN" starttime="20221026 03:04:16.737" endtime="20221026 03:04:16.737"/>
</kw>
<status status="NOT RUN" starttime="20221026 03:04:16.737" endtime="20221026 03:04:16.737"/>
</branch>
<branch type="ELSE IF" condition="'${familyname}' == '${EMPTY}'">
<kw name="Set Local Variable" library="BuiltIn">
<arg>${locator}</arg>
<arg>\#lastname</arg>
<doc>Makes a variable available everywhere within the local scope.</doc>
<status status="NOT RUN" starttime="20221026 03:04:16.737" endtime="20221026 03:04:16.737"/>
</kw>
<status status="NOT RUN" starttime="20221026 03:04:16.737" endtime="20221026 03:04:16.737"/>
</branch>
<branch type="ELSE IF" condition="'${phone}' == '${EMPTY}'">
<kw name="Set Local Variable" library="BuiltIn">
<arg>${locator}</arg>
<arg>\#phone</arg>
<doc>Makes a variable available everywhere within the local scope.</doc>
<status status="NOT RUN" starttime="20221026 03:04:16.737" endtime="20221026 03:04:16.745"/>
</kw>
<status status="NOT RUN" starttime="20221026 03:04:16.737" endtime="20221026 03:04:16.745"/>
</branch>
<status status="PASS" starttime="20221026 03:04:16.729" endtime="20221026 03:04:16.745"/>
</if>
<kw name="Execute Javascript" library="SeleniumLibrary">
<var>${actual_tooltip}</var>
<arg>return document.querySelector('${locator}').validationMessage</arg>
<doc>Executes the given JavaScript code with possible arguments.</doc>
<msg timestamp="20221026 03:04:16.745" level="INFO">Executing JavaScript:
return document.querySelector('#password').validationMessage
Without any arguments.</msg>
<msg timestamp="20221026 03:04:16.761" level="INFO">${actual_tooltip} = Please fill out this field.</msg>
<status status="PASS" starttime="20221026 03:04:16.745" endtime="20221026 03:04:16.761"/>
</kw>
<msg timestamp="20221026 03:04:16.761" level="INFO">${actual_tooltip} = Please fill out this field.</msg>
<status status="PASS" starttime="20221026 03:04:16.721" endtime="20221026 03:04:16.761"/>
</kw>
<kw name="Should Be Equal" library="BuiltIn">
<arg>${expected_tooltip}</arg>
<arg>${actual_tooltip}</arg>
<doc>Fails if the given objects are unequal.</doc>
<status status="PASS" starttime="20221026 03:04:16.761" endtime="20221026 03:04:16.761"/>
</kw>
<status status="PASS" starttime="20221026 03:04:15.083" endtime="20221026 03:04:16.761"/>
</kw>
<kw name="Close Browser" library="SeleniumLibrary" type="TEARDOWN">
<doc>Closes the current browser.</doc>
<status status="PASS" starttime="20221026 03:04:16.761" endtime="20221026 03:04:18.948"/>
</kw>
<doc>Verify password tooltip message</doc>
<status status="PASS" starttime="20221026 03:04:10.956" endtime="20221026 03:04:18.948"/>
</test>
<test id="s1-s1-s1-s3-t3" name="Empty Firstname Tooltip Test" line="21">
<kw name="Launch Browser And Navigate To Demo App" library="CommonFunctionality" type="SETUP">
<kw name="Get Driver Path" library="driver_setup">
<var>${driver_path}</var>
<arg>${BROWSER_NAME}</arg>
<msg timestamp="20221026 03:04:18.964" level="INFO">====== WebDriver manager ======</msg>
<msg timestamp="20221026 03:04:19.549" level="INFO">Get LATEST chromedriver version for google-chrome 106.0.5249</msg>
<msg timestamp="20221026 03:04:20.488" level="INFO">Driver [C:\Users\JiDi\.wdm\drivers\chromedriver\win32\106.0.5249\chromedriver.exe] found in cache</msg>
<msg timestamp="20221026 03:04:20.488" level="INFO">${driver_path} = C:\Users\JiDi\.wdm\drivers\chromedriver\win32\106.0.5249\chromedriver.exe</msg>
<status status="PASS" starttime="20221026 03:04:18.964" endtime="20221026 03:04:20.488"/>
</kw>
<kw name="Open Browser" library="SeleniumLibrary">
<arg>browser=${BROWSER_NAME}</arg>
<arg>executable_path=${driver_path}</arg>
<doc>Opens a new browser instance to the optional ``url``.</doc>
<msg timestamp="20221026 03:04:20.496" level="INFO">Opening browser 'chrome' to base url 'None'.</msg>
<status status="PASS" starttime="20221026 03:04:20.488" endtime="20221026 03:04:21.907"/>
</kw>
<kw name="Maximize Browser Window" library="SeleniumLibrary">
<doc>Maximizes current browser window.</doc>
<status status="PASS" starttime="20221026 03:04:21.907" endtime="20221026 03:04:22.113"/>
</kw>
<kw name="Set Selenium Implicit Wait" library="SeleniumLibrary">
<arg>10s</arg>
<doc>Sets the implicit wait value used by Selenium.</doc>
<status status="PASS" starttime="20221026 03:04:22.113" endtime="20221026 03:04:22.113"/>
</kw>
<kw name="Set Selenium Timeout" library="SeleniumLibrary">
<arg>value=10s</arg>
<doc>Sets the timeout that is used by various keywords.</doc>
<status status="PASS" starttime="20221026 03:04:22.121" endtime="20221026 03:04:22.121"/>
</kw>
<kw name="Set Screenshot Directory" library="SeleniumLibrary">
<arg>path=UI_Suite/screenshot</arg>
<doc>Sets the directory for captured screenshots.</doc>
<status status="PASS" starttime="20221026 03:04:22.121" endtime="20221026 03:04:22.121"/>
</kw>
<kw name="Go To" library="SeleniumLibrary">
<arg>url=${URL}</arg>
<doc>Navigates the current browser window to the provided ``url``.</doc>
<msg timestamp="20221026 03:04:22.121" level="INFO">Opening url 'http://localhost:8080/'</msg>
<status status="PASS" starttime="20221026 03:04:22.121" endtime="20221026 03:04:22.917"/>
</kw>
<status status="PASS" starttime="20221026 03:04:18.956" endtime="20221026 03:04:22.917"/>
</kw>
<kw name="Register Without Filling Required Field Template">
<arg>john0012</arg>
<arg>welcome@123</arg>
<arg>${EMPTY}</arg>
<arg>wick</arg>
<arg>3344</arg>
<arg>Please fill out this field.</arg>
<kw name="Click Register" library="HomePage">
<doc>Click on Register Link</doc>
<kw name="Click Element" library="SeleniumLibrary">
<arg>${REGISTER_LOCATOR}</arg>
<doc>Click the element identified by ``locator``.</doc>
<msg timestamp="20221026 03:04:22.917" level="INFO">Clicking element 'link=Register'.</msg>
<status status="PASS" starttime="20221026 03:04:22.917" endtime="20221026 03:04:23.405"/>
</kw>
<status status="PASS" starttime="20221026 03:04:22.917" endtime="20221026 03:04:23.405"/>
</kw>
<kw name="Enter Username" library="RegisterPage">
<arg>${username}</arg>
<doc>Types the given text into username field</doc>
<kw name="Input Text" library="SeleniumLibrary">
<arg>${USERNAME_LOCATOR}</arg>
<arg>${username}</arg>
<doc>Types the given ``text`` into the text field identified by ``locator``.</doc>
<msg timestamp="20221026 03:04:23.421" level="INFO">Typing text 'john0012' into text field 'css=#username'.</msg>
<status status="PASS" starttime="20221026 03:04:23.413" endtime="20221026 03:04:23.554"/>
</kw>
<status status="PASS" starttime="20221026 03:04:23.405" endtime="20221026 03:04:23.554"/>
</kw>
<kw name="Enter Password" library="RegisterPage">
<arg>${password}</arg>
<doc>Types the given text into password field</doc>
<kw name="Input Text" library="SeleniumLibrary">
<arg>${PASSWORD_LOCATOR}</arg>
<arg>${password}</arg>
<doc>Types the given ``text`` into the text field identified by ``locator``.</doc>
<msg timestamp="20221026 03:04:23.554" level="INFO">Typing text 'welcome@123' into text field 'css=#password'.</msg>
<status status="PASS" starttime="20221026 03:04:23.554" endtime="20221026 03:04:23.666"/>
</kw>
<status status="PASS" starttime="20221026 03:04:23.554" endtime="20221026 03:04:23.666"/>
</kw>
<kw name="Enter Firstname" library="RegisterPage">
<arg>${firstname}</arg>
<doc>Types the given text into firstname field</doc>
<kw name="Input Text" library="SeleniumLibrary">
<arg>${FIRSTNAME_LOCATOR}</arg>
<arg>${firstname}</arg>
<doc>Types the given ``text`` into the text field identified by ``locator``.</doc>
<msg timestamp="20221026 03:04:23.666" level="INFO">Typing text '' into text field 'css=#firstname'.</msg>
<status status="PASS" starttime="20221026 03:04:23.666" endtime="20221026 03:04:23.767"/>
</kw>
<status status="PASS" starttime="20221026 03:04:23.666" endtime="20221026 03:04:23.767"/>
</kw>
<kw name="Enter Familyname" library="RegisterPage">
<arg>${familyname}</arg>
<doc>Types the given text into familyname field</doc>
<kw name="Input Text" library="SeleniumLibrary">
<arg>${FAMILYNAME_LOCATOR}</arg>
<arg>${familyname}</arg>
<doc>Types the given ``text`` into the text field identified by ``locator``.</doc>
<msg timestamp="20221026 03:04:23.767" level="INFO">Typing text 'wick' into text field 'css=#lastname'.</msg>
<status status="PASS" starttime="20221026 03:04:23.767" endtime="20221026 03:04:23.880"/>
</kw>
<status status="PASS" starttime="20221026 03:04:23.767" endtime="20221026 03:04:23.880"/>
</kw>
<kw name="Enter Phone" library="RegisterPage">
<arg>${phone}</arg>
<doc>Types the given text into password field</doc>
<kw name="Input Text" library="SeleniumLibrary">
<arg>${PHONE_LOCAOTR}</arg>
<arg>${phone}</arg>
<doc>Types the given ``text`` into the text field identified by ``locator``.</doc>
<msg timestamp="20221026 03:04:23.880" level="INFO">Typing text '3344' into text field 'css=#phone'.</msg>
<status status="PASS" starttime="20221026 03:04:23.880" endtime="20221026 03:04:24.022"/>
</kw>
<status status="PASS" starttime="20221026 03:04:23.880" endtime="20221026 03:04:24.022"/>
</kw>
<kw name="Click Register Button" library="RegisterPage">
<doc>Click on Register Button</doc>
<kw name="Click Button" library="SeleniumLibrary">
<arg>${REGISTERBUTTON_LOCATOR}</arg>
<doc>Clicks the button identified by ``locator``.</doc>
<msg timestamp="20221026 03:04:24.030" level="INFO">Clicking button 'Register'.</msg>
<status status="PASS" starttime="20221026 03:04:24.030" endtime="20221026 03:04:24.188"/>
</kw>
<status status="PASS" starttime="20221026 03:04:24.030" endtime="20221026 03:04:24.188"/>
</kw>
<kw name="Get Tooltip Message" library="RegisterPage">
<var>${actual_tooltip}</var>
<arg>${username}</arg>
<arg>${password}</arg>
<arg>${firstname}</arg>
<arg>${familyname}</arg>
<arg>${phone}</arg>
<doc>Get Tooltip Message For Empty Field</doc>
<if>
<branch type="IF" condition="'${username}' == '${EMPTY}'">
<kw name="Set Local Variable" library="BuiltIn">
<arg>${locator}</arg>
<arg>\#username</arg>
<doc>Makes a variable available everywhere within the local scope.</doc>
<status status="NOT RUN" starttime="20221026 03:04:24.188" endtime="20221026 03:04:24.188"/>
</kw>
<status status="NOT RUN" starttime="20221026 03:04:24.188" endtime="20221026 03:04:24.188"/>
</branch>
<branch type="ELSE IF" condition="'${password}' == '${EMPTY}'">
<kw name="Set Local Variable" library="BuiltIn">
<arg>${locator}</arg>
<arg>\#password</arg>
<doc>Makes a variable available everywhere within the local scope.</doc>
<status status="NOT RUN" starttime="20221026 03:04:24.196" endtime="20221026 03:04:24.196"/>
</kw>
<status status="NOT RUN" starttime="20221026 03:04:24.196" endtime="20221026 03:04:24.196"/>
</branch>
<branch type="ELSE IF" condition="'${firstname}' == '${EMPTY}'">
<kw name="Set Local Variable" library="BuiltIn">
<arg>${locator}</arg>
<arg>\#firstname</arg>
<doc>Makes a variable available everywhere within the local scope.</doc>
<msg timestamp="20221026 03:04:24.204" level="INFO">${locator} = #firstname</msg>
<status status="PASS" starttime="20221026 03:04:24.196" endtime="20221026 03:04:24.204"/>
</kw>
<status status="PASS" starttime="20221026 03:04:24.196" endtime="20221026 03:04:24.204"/>
</branch>
<branch type="ELSE IF" condition="'${familyname}' == '${EMPTY}'">
<kw name="Set Local Variable" library="BuiltIn">
<arg>${locator}</arg>
<arg>\#lastname</arg>
<doc>Makes a variable available everywhere within the local scope.</doc>
<status status="NOT RUN" starttime="20221026 03:04:24.204" endtime="20221026 03:04:24.204"/>
</kw>
<status status="NOT RUN" starttime="20221026 03:04:24.204" endtime="20221026 03:04:24.204"/>
</branch>
<branch type="ELSE IF" condition="'${phone}' == '${EMPTY}'">
<kw name="Set Local Variable" library="BuiltIn">
<arg>${locator}</arg>
<arg>\#phone</arg>
<doc>Makes a variable available everywhere within the local scope.</doc>
<status status="NOT RUN" starttime="20221026 03:04:24.204" endtime="20221026 03:04:24.204"/>
</kw>
<status status="NOT RUN" starttime="20221026 03:04:24.204" endtime="20221026 03:04:24.204"/>
</branch>
<status status="PASS" starttime="20221026 03:04:24.188" endtime="20221026 03:04:24.204"/>
</if>
<kw name="Execute Javascript" library="SeleniumLibrary">
<var>${actual_tooltip}</var>
<arg>return document.querySelector('${locator}').validationMessage</arg>
<doc>Executes the given JavaScript code with possible arguments.</doc>
<msg timestamp="20221026 03:04:24.212" level="INFO">Executing JavaScript:
return document.querySelector('#firstname').validationMessage
Without any arguments.</msg>
<msg timestamp="20221026 03:04:24.220" level="INFO">${actual_tooltip} = Please fill out this field.</msg>
<status status="PASS" starttime="20221026 03:04:24.204" endtime="20221026 03:04:24.220"/>
</kw>
<msg timestamp="20221026 03:04:24.220" level="INFO">${actual_tooltip} = Please fill out this field.</msg>
<status status="PASS" starttime="20221026 03:04:24.188" endtime="20221026 03:04:24.220"/>
</kw>
<kw name="Should Be Equal" library="BuiltIn">
<arg>${expected_tooltip}</arg>
<arg>${actual_tooltip}</arg>
<doc>Fails if the given objects are unequal.</doc>
<status status="PASS" starttime="20221026 03:04:24.220" endtime="20221026 03:04:24.220"/>
</kw>
<status status="PASS" starttime="20221026 03:04:22.917" endtime="20221026 03:04:24.220"/>
</kw>
<kw name="Close Browser" library="SeleniumLibrary" type="TEARDOWN">
<doc>Closes the current browser.</doc>
<status status="PASS" starttime="20221026 03:04:24.220" endtime="20221026 03:04:26.398"/>
</kw>
<doc>Verify firstname tooltip message</doc>
<status status="PASS" starttime="20221026 03:04:18.956" endtime="20221026 03:04:26.398"/>
</test>
<test id="s1-s1-s1-s3-t4" name="Empty FamilyName Tooltip Test" line="25">
<kw name="Launch Browser And Navigate To Demo App" library="CommonFunctionality" type="SETUP">
<kw name="Get Driver Path" library="driver_setup">
<var>${driver_path}</var>
<arg>${BROWSER_NAME}</arg>
<msg timestamp="20221026 03:04:26.414" level="INFO">====== WebDriver manager ======</msg>
<msg timestamp="20221026 03:04:27.406" level="INFO">Get LATEST chromedriver version for google-chrome 106.0.5249</msg>
<msg timestamp="20221026 03:04:28.156" level="INFO">Driver [C:\Users\JiDi\.wdm\drivers\chromedriver\win32\106.0.5249\chromedriver.exe] found in cache</msg>
<msg timestamp="20221026 03:04:28.164" level="INFO">${driver_path} = C:\Users\JiDi\.wdm\drivers\chromedriver\win32\106.0.5249\chromedriver.exe</msg>
<status status="PASS" starttime="20221026 03:04:26.414" endtime="20221026 03:04:28.164"/>
</kw>
<kw name="Open Browser" library="SeleniumLibrary">
<arg>browser=${BROWSER_NAME}</arg>
<arg>executable_path=${driver_path}</arg>
<doc>Opens a new browser instance to the optional ``url``.</doc>
<msg timestamp="20221026 03:04:28.169" level="INFO">Opening browser 'chrome' to base url 'None'.</msg>
<status status="PASS" starttime="20221026 03:04:28.168" endtime="20221026 03:04:29.641"/>
</kw>
<kw name="Maximize Browser Window" library="SeleniumLibrary">
<doc>Maximizes current browser window.</doc>
<status status="PASS" starttime="20221026 03:04:29.641" endtime="20221026 03:04:29.823"/>
</kw>
<kw name="Set Selenium Implicit Wait" library="SeleniumLibrary">
<arg>10s</arg>
<doc>Sets the implicit wait value used by Selenium.</doc>
<status status="PASS" starttime="20221026 03:04:29.823" endtime="20221026 03:04:29.833"/>
</kw>
<kw name="Set Selenium Timeout" library="SeleniumLibrary">
<arg>value=10s</arg>
<doc>Sets the timeout that is used by various keywords.</doc>
<status status="PASS" starttime="20221026 03:04:29.833" endtime="20221026 03:04:29.833"/>
</kw>
<kw name="Set Screenshot Directory" library="SeleniumLibrary">
<arg>path=UI_Suite/screenshot</arg>
<doc>Sets the directory for captured screenshots.</doc>
<status status="PASS" starttime="20221026 03:04:29.841" endtime="20221026 03:04:29.841"/>
</kw>
<kw name="Go To" library="SeleniumLibrary">
<arg>url=${URL}</arg>
<doc>Navigates the current browser window to the provided ``url``.</doc>
<msg timestamp="20221026 03:04:29.841" level="INFO">Opening url 'http://localhost:8080/'</msg>
<status status="PASS" starttime="20221026 03:04:29.841" endtime="20221026 03:04:31.025"/>
</kw>
<status status="PASS" starttime="20221026 03:04:26.406" endtime="20221026 03:04:31.025"/>
</kw>
<kw name="Register Without Filling Required Field Template">
<arg>john0012</arg>
<arg>welcome@123</arg>
<arg>john</arg>
<arg>${EMPTY}</arg>
<arg>3344</arg>
<arg>Please fill out this field.</arg>
<kw name="Click Register" library="HomePage">
<doc>Click on Register Link</doc>
<kw name="Click Element" library="SeleniumLibrary">
<arg>${REGISTER_LOCATOR}</arg>
<doc>Click the element identified by ``locator``.</doc>
<msg timestamp="20221026 03:04:31.041" level="INFO">Clicking element 'link=Register'.</msg>
<status status="PASS" starttime="20221026 03:04:31.033" endtime="20221026 03:04:31.583"/>
</kw>
<status status="PASS" starttime="20221026 03:04:31.033" endtime="20221026 03:04:31.583"/>
</kw>
<kw name="Enter Username" library="RegisterPage">
<arg>${username}</arg>
<doc>Types the given text into username field</doc>
<kw name="Input Text" library="SeleniumLibrary">
<arg>${USERNAME_LOCATOR}</arg>
<arg>${username}</arg>
<doc>Types the given ``text`` into the text field identified by ``locator``.</doc>
<msg timestamp="20221026 03:04:31.599" level="INFO">Typing text 'john0012' into text field 'css=#username'.</msg>
<status status="PASS" starttime="20221026 03:04:31.591" endtime="20221026 03:04:31.781"/>
</kw>
<status status="PASS" starttime="20221026 03:04:31.583" endtime="20221026 03:04:31.781"/>
</kw>
<kw name="Enter Password" library="RegisterPage">
<arg>${password}</arg>
<doc>Types the given text into password field</doc>
<kw name="Input Text" library="SeleniumLibrary">
<arg>${PASSWORD_LOCATOR}</arg>
<arg>${password}</arg>
<doc>Types the given ``text`` into the text field identified by ``locator``.</doc>
<msg timestamp="20221026 03:04:31.781" level="INFO">Typing text 'welcome@123' into text field 'css=#password'.</msg>
<status status="PASS" starttime="20221026 03:04:31.781" endtime="20221026 03:04:31.889"/>
</kw>
<status status="PASS" starttime="20221026 03:04:31.781" endtime="20221026 03:04:31.889"/>
</kw>
<kw name="Enter Firstname" library="RegisterPage">
<arg>${firstname}</arg>
<doc>Types the given text into firstname field</doc>
<kw name="Input Text" library="SeleniumLibrary">
<arg>${FIRSTNAME_LOCATOR}</arg>
<arg>${firstname}</arg>
<doc>Types the given ``text`` into the text field identified by ``locator``.</doc>
<msg timestamp="20221026 03:04:31.897" level="INFO">Typing text 'john' into text field 'css=#firstname'.</msg>
<status status="PASS" starttime="20221026 03:04:31.889" endtime="20221026 03:04:31.980"/>
</kw>
<status status="PASS" starttime="20221026 03:04:31.889" endtime="20221026 03:04:31.980"/>
</kw>
<kw name="Enter Familyname" library="RegisterPage">
<arg>${familyname}</arg>
<doc>Types the given text into familyname field</doc>
<kw name="Input Text" library="SeleniumLibrary">
<arg>${FAMILYNAME_LOCATOR}</arg>
<arg>${familyname}</arg>
<doc>Types the given ``text`` into the text field identified by ``locator``.</doc>
<msg timestamp="20221026 03:04:31.980" level="INFO">Typing text '' into text field 'css=#lastname'.</msg>
<status status="PASS" starttime="20221026 03:04:31.980" endtime="20221026 03:04:32.205"/>
</kw>
<status status="PASS" starttime="20221026 03:04:31.980" endtime="20221026 03:04:32.205"/>
</kw>
<kw name="Enter Phone" library="RegisterPage">
<arg>${phone}</arg>
<doc>Types the given text into password field</doc>
<kw name="Input Text" library="SeleniumLibrary">
<arg>${PHONE_LOCAOTR}</arg>
<arg>${phone}</arg>
<doc>Types the given ``text`` into the text field identified by ``locator``.</doc>
<msg timestamp="20221026 03:04:32.213" level="INFO">Typing text '3344' into text field 'css=#phone'.</msg>
<status status="PASS" starttime="20221026 03:04:32.213" endtime="20221026 03:04:32.330"/>
</kw>
<status status="PASS" starttime="20221026 03:04:32.213" endtime="20221026 03:04:32.330"/>
</kw>
<kw name="Click Register Button" library="RegisterPage">
<doc>Click on Register Button</doc>
<kw name="Click Button" library="SeleniumLibrary">
<arg>${REGISTERBUTTON_LOCATOR}</arg>
<doc>Clicks the button identified by ``locator``.</doc>
<msg timestamp="20221026 03:04:32.330" level="INFO">Clicking button 'Register'.</msg>
<status status="PASS" starttime="20221026 03:04:32.330" endtime="20221026 03:04:32.438"/>
</kw>
<status status="PASS" starttime="20221026 03:04:32.330" endtime="20221026 03:04:32.438"/>
</kw>
<kw name="Get Tooltip Message" library="RegisterPage">
<var>${actual_tooltip}</var>
<arg>${username}</arg>
<arg>${password}</arg>
<arg>${firstname}</arg>
<arg>${familyname}</arg>
<arg>${phone}</arg>
<doc>Get Tooltip Message For Empty Field</doc>
<if>
<branch type="IF" condition="'${username}' == '${EMPTY}'">
<kw name="Set Local Variable" library="BuiltIn">
<arg>${locator}</arg>
<arg>\#username</arg>
<doc>Makes a variable available everywhere within the local scope.</doc>
<status status="NOT RUN" starttime="20221026 03:04:32.446" endtime="20221026 03:04:32.446"/>
</kw>
<status status="NOT RUN" starttime="20221026 03:04:32.446" endtime="20221026 03:04:32.446"/>
</branch>
<branch type="ELSE IF" condition="'${password}' == '${EMPTY}'">
<kw name="Set Local Variable" library="BuiltIn">
<arg>${locator}</arg>
<arg>\#password</arg>
<doc>Makes a variable available everywhere within the local scope.</doc>
<status status="NOT RUN" starttime="20221026 03:04:32.454" endtime="20221026 03:04:32.454"/>
</kw>
<status status="NOT RUN" starttime="20221026 03:04:32.446" endtime="20221026 03:04:32.454"/>
</branch>
<branch type="ELSE IF" condition="'${firstname}' == '${EMPTY}'">
<kw name="Set Local Variable" library="BuiltIn">
<arg>${locator}</arg>
<arg>\#firstname</arg>
<doc>Makes a variable available everywhere within the local scope.</doc>
<status status="NOT RUN" starttime="20221026 03:04:32.454" endtime="20221026 03:04:32.454"/>
</kw>
<status status="NOT RUN" starttime="20221026 03:04:32.454" endtime="20221026 03:04:32.454"/>
</branch>
<branch type="ELSE IF" condition="'${familyname}' == '${EMPTY}'">
<kw name="Set Local Variable" library="BuiltIn">
<arg>${locator}</arg>
<arg>\#lastname</arg>
<doc>Makes a variable available everywhere within the local scope.</doc>
<msg timestamp="20221026 03:04:32.454" level="INFO">${locator} = #lastname</msg>
<status status="PASS" starttime="20221026 03:04:32.454" endtime="20221026 03:04:32.454"/>
</kw>
<status status="PASS" starttime="20221026 03:04:32.454" endtime="20221026 03:04:32.454"/>
</branch>
<branch type="ELSE IF" condition="'${phone}' == '${EMPTY}'">
<kw name="Set Local Variable" library="BuiltIn">
<arg>${locator}</arg>
<arg>\#phone</arg>
<doc>Makes a variable available everywhere within the local scope.</doc>
<status status="NOT RUN" starttime="20221026 03:04:32.454" endtime="20221026 03:04:32.454"/>
</kw>
<status status="NOT RUN" starttime="20221026 03:04:32.454" endtime="20221026 03:04:32.454"/>
</branch>
<status status="PASS" starttime="20221026 03:04:32.446" endtime="20221026 03:04:32.454"/>
</if>
<kw name="Execute Javascript" library="SeleniumLibrary">
<var>${actual_tooltip}</var>
<arg>return document.querySelector('${locator}').validationMessage</arg>
<doc>Executes the given JavaScript code with possible arguments.</doc>
<msg timestamp="20221026 03:04:32.462" level="INFO">Executing JavaScript:
return document.querySelector('#lastname').validationMessage
Without any arguments.</msg>
<msg timestamp="20221026 03:04:32.470" level="INFO">${actual_tooltip} = Please fill out this field.</msg>
<status status="PASS" starttime="20221026 03:04:32.454" endtime="20221026 03:04:32.470"/>
</kw>
<msg timestamp="20221026 03:04:32.470" level="INFO">${actual_tooltip} = Please fill out this field.</msg>
<status status="PASS" starttime="20221026 03:04:32.446" endtime="20221026 03:04:32.470"/>
</kw>
<kw name="Should Be Equal" library="BuiltIn">
<arg>${expected_tooltip}</arg>
<arg>${actual_tooltip}</arg>
<doc>Fails if the given objects are unequal.</doc>
<status status="PASS" starttime="20221026 03:04:32.470" endtime="20221026 03:04:32.470"/>
</kw>
<status status="PASS" starttime="20221026 03:04:31.025" endtime="20221026 03:04:32.470"/>
</kw>
<kw name="Close Browser" library="SeleniumLibrary" type="TEARDOWN">
<doc>Closes the current browser.</doc>
<status status="PASS" starttime="20221026 03:04:32.470" endtime="20221026 03:04:34.631"/>
</kw>
<doc>Verify familyname tooltip message</doc>
<status status="PASS" starttime="20221026 03:04:26.406" endtime="20221026 03:04:34.631"/>
</test>
<test id="s1-s1-s1-s3-t5" name="Empty Phone Tooltip Test" line="29">
<kw name="Launch Browser And Navigate To Demo App" library="CommonFunctionality" type="SETUP">
<kw name="Get Driver Path" library="driver_setup">
<var>${driver_path}</var>
<arg>${BROWSER_NAME}</arg>
<msg timestamp="20221026 03:04:34.647" level="INFO">====== WebDriver manager ======</msg>
<msg timestamp="20221026 03:04:35.407" level="INFO">Get LATEST chromedriver version for google-chrome 106.0.5249</msg>
<msg timestamp="20221026 03:04:36.319" level="INFO">Driver [C:\Users\JiDi\.wdm\drivers\chromedriver\win32\106.0.5249\chromedriver.exe] found in cache</msg>
<msg timestamp="20221026 03:04:36.319" level="INFO">${driver_path} = C:\Users\JiDi\.wdm\drivers\chromedriver\win32\106.0.5249\chromedriver.exe</msg>
<status status="PASS" starttime="20221026 03:04:34.647" endtime="20221026 03:04:36.319"/>
</kw>
<kw name="Open Browser" library="SeleniumLibrary">
<arg>browser=${BROWSER_NAME}</arg>
<arg>executable_path=${driver_path}</arg>
<doc>Opens a new browser instance to the optional ``url``.</doc>
<msg timestamp="20221026 03:04:36.319" level="INFO">Opening browser 'chrome' to base url 'None'.</msg>
<status status="PASS" starttime="20221026 03:04:36.319" endtime="20221026 03:04:37.716"/>
</kw>
<kw name="Maximize Browser Window" library="SeleniumLibrary">
<doc>Maximizes current browser window.</doc>
<status status="PASS" starttime="20221026 03:04:37.716" endtime="20221026 03:04:37.881"/>
</kw>
<kw name="Set Selenium Implicit Wait" library="SeleniumLibrary">
<arg>10s</arg>
<doc>Sets the implicit wait value used by Selenium.</doc>
<status status="PASS" starttime="20221026 03:04:37.889" endtime="20221026 03:04:37.889"/>
</kw>
<kw name="Set Selenium Timeout" library="SeleniumLibrary">
<arg>value=10s</arg>
<doc>Sets the timeout that is used by various keywords.</doc>
<status status="PASS" starttime="20221026 03:04:37.889" endtime="20221026 03:04:37.897"/>
</kw>
<kw name="Set Screenshot Directory" library="SeleniumLibrary">
<arg>path=UI_Suite/screenshot</arg>
<doc>Sets the directory for captured screenshots.</doc>
<status status="PASS" starttime="20221026 03:04:37.897" endtime="20221026 03:04:37.897"/>
</kw>
<kw name="Go To" library="SeleniumLibrary">
<arg>url=${URL}</arg>
<doc>Navigates the current browser window to the provided ``url``.</doc>
<msg timestamp="20221026 03:04:37.905" level="INFO">Opening url 'http://localhost:8080/'</msg>
<status status="PASS" starttime="20221026 03:04:37.897" endtime="20221026 03:04:38.952"/>
</kw>
<status status="PASS" starttime="20221026 03:04:34.639" endtime="20221026 03:04:38.952"/>
</kw>
<kw name="Register Without Filling Required Field Template">
<arg>john0012</arg>
<arg>welcome@123</arg>
<arg>john</arg>
<arg>wick</arg>
<arg>${EMPTY}</arg>
<arg>Please fill out this field.</arg>
<kw name="Click Register" library="HomePage">
<doc>Click on Register Link</doc>
<kw name="Click Element" library="SeleniumLibrary">
<arg>${REGISTER_LOCATOR}</arg>
<doc>Click the element identified by ``locator``.</doc>
<msg timestamp="20221026 03:04:38.960" level="INFO">Clicking element 'link=Register'.</msg>
<status status="PASS" starttime="20221026 03:04:38.960" endtime="20221026 03:04:39.424"/>
</kw>
<status status="PASS" starttime="20221026 03:04:38.960" endtime="20221026 03:04:39.424"/>
</kw>
<kw name="Enter Username" library="RegisterPage">
<arg>${username}</arg>
<doc>Types the given text into username field</doc>
<kw name="Input Text" library="SeleniumLibrary">
<arg>${USERNAME_LOCATOR}</arg>
<arg>${username}</arg>
<doc>Types the given ``text`` into the text field identified by ``locator``.</doc>
<msg timestamp="20221026 03:04:39.432" level="INFO">Typing text 'john0012' into text field 'css=#username'.</msg>
<status status="PASS" starttime="20221026 03:04:39.432" endtime="20221026 03:04:39.613"/>
</kw>
<status status="PASS" starttime="20221026 03:04:39.424" endtime="20221026 03:04:39.613"/>
</kw>
<kw name="Enter Password" library="RegisterPage">
<arg>${password}</arg>
<doc>Types the given text into password field</doc>
<kw name="Input Text" library="SeleniumLibrary">
<arg>${PASSWORD_LOCATOR}</arg>
<arg>${password}</arg>
<doc>Types the given ``text`` into the text field identified by ``locator``.</doc>
<msg timestamp="20221026 03:04:39.615" level="INFO">Typing text 'welcome@123' into text field 'css=#password'.</msg>
<status status="PASS" starttime="20221026 03:04:39.615" endtime="20221026 03:04:39.704"/>
</kw>
<status status="PASS" starttime="20221026 03:04:39.615" endtime="20221026 03:04:39.704"/>
</kw>
<kw name="Enter Firstname" library="RegisterPage">
<arg>${firstname}</arg>
<doc>Types the given text into firstname field</doc>
<kw name="Input Text" library="SeleniumLibrary">
<arg>${FIRSTNAME_LOCATOR}</arg>
<arg>${firstname}</arg>
<doc>Types the given ``text`` into the text field identified by ``locator``.</doc>
<msg timestamp="20221026 03:04:39.704" level="INFO">Typing text 'john' into text field 'css=#firstname'.</msg>
<status status="PASS" starttime="20221026 03:04:39.704" endtime="20221026 03:04:39.848"/>
</kw>
<status status="PASS" starttime="20221026 03:04:39.704" endtime="20221026 03:04:39.848"/>
</kw>
<kw name="Enter Familyname" library="RegisterPage">
<arg>${familyname}</arg>
<doc>Types the given text into familyname field</doc>
<kw name="Input Text" library="SeleniumLibrary">
<arg>${FAMILYNAME_LOCATOR}</arg>
<arg>${familyname}</arg>
<doc>Types the given ``text`` into the text field identified by ``locator``.</doc>
<msg timestamp="20221026 03:04:39.848" level="INFO">Typing text 'wick' into text field 'css=#lastname'.</msg>
<status status="PASS" starttime="20221026 03:04:39.848" endtime="20221026 03:04:40.021"/>
</kw>
<status status="PASS" starttime="20221026 03:04:39.848" endtime="20221026 03:04:40.021"/>
</kw>
<kw name="Enter Phone" library="RegisterPage">
<arg>${phone}</arg>
<doc>Types the given text into password field</doc>
<kw name="Input Text" library="SeleniumLibrary">
<arg>${PHONE_LOCAOTR}</arg>
<arg>${phone}</arg>
<doc>Types the given ``text`` into the text field identified by ``locator``.</doc>
<msg timestamp="20221026 03:04:40.029" level="INFO">Typing text '' into text field 'css=#phone'.</msg>
<status status="PASS" starttime="20221026 03:04:40.029" endtime="20221026 03:04:40.189"/>
</kw>
<status status="PASS" starttime="20221026 03:04:40.021" endtime="20221026 03:04:40.189"/>
</kw>
<kw name="Click Register Button" library="RegisterPage">
<doc>Click on Register Button</doc>
<kw name="Click Button" library="SeleniumLibrary">
<arg>${REGISTERBUTTON_LOCATOR}</arg>
<doc>Clicks the button identified by ``locator``.</doc>
<msg timestamp="20221026 03:04:40.197" level="INFO">Clicking button 'Register'.</msg>
<status status="PASS" starttime="20221026 03:04:40.197" endtime="20221026 03:04:40.312"/>
</kw>
<status status="PASS" starttime="20221026 03:04:40.189" endtime="20221026 03:04:40.312"/>
</kw>
<kw name="Get Tooltip Message" library="RegisterPage">
<var>${actual_tooltip}</var>
<arg>${username}</arg>
<arg>${password}</arg>
<arg>${firstname}</arg>
<arg>${familyname}</arg>
<arg>${phone}</arg>
<doc>Get Tooltip Message For Empty Field</doc>
<if>
<branch type="IF" condition="'${username}' == '${EMPTY}'">
<kw name="Set Local Variable" library="BuiltIn">
<arg>${locator}</arg>
<arg>\#username</arg>
<doc>Makes a variable available everywhere within the local scope.</doc>
<status status="NOT RUN" starttime="20221026 03:04:40.312" endtime="20221026 03:04:40.320"/>
</kw>
<status status="NOT RUN" starttime="20221026 03:04:40.312" endtime="20221026 03:04:40.320"/>
</branch>
<branch type="ELSE IF" condition="'${password}' == '${EMPTY}'">
<kw name="Set Local Variable" library="BuiltIn">
<arg>${locator}</arg>
<arg>\#password</arg>
<doc>Makes a variable available everywhere within the local scope.</doc>
<status status="NOT RUN" starttime="20221026 03:04:40.320" endtime="20221026 03:04:40.320"/>
</kw>
<status status="NOT RUN" starttime="20221026 03:04:40.320" endtime="20221026 03:04:40.320"/>
</branch>
<branch type="ELSE IF" condition="'${firstname}' == '${EMPTY}'">
<kw name="Set Local Variable" library="BuiltIn">
<arg>${locator}</arg>
<arg>\#firstname</arg>
<doc>Makes a variable available everywhere within the local scope.</doc>
<status status="NOT RUN" starttime="20221026 03:04:40.320" endtime="20221026 03:04:40.320"/>
</kw>
<status status="NOT RUN" starttime="20221026 03:04:40.320" endtime="20221026 03:04:40.320"/>
</branch>
<branch type="ELSE IF" condition="'${familyname}' == '${EMPTY}'">
<kw name="Set Local Variable" library="BuiltIn">
<arg>${locator}</arg>
<arg>\#lastname</arg>
<doc>Makes a variable available everywhere within the local scope.</doc>
<status status="NOT RUN" starttime="20221026 03:04:40.320" endtime="20221026 03:04:40.320"/>
</kw>
<status status="NOT RUN" starttime="20221026 03:04:40.320" endtime="20221026 03:04:40.320"/>
</branch>
<branch type="ELSE IF" condition="'${phone}' == '${EMPTY}'">
<kw name="Set Local Variable" library="BuiltIn">
<arg>${locator}</arg>
<arg>\#phone</arg>
<doc>Makes a variable available everywhere within the local scope.</doc>
<msg timestamp="20221026 03:04:40.328" level="INFO">${locator} = #phone</msg>
<status status="PASS" starttime="20221026 03:04:40.328" endtime="20221026 03:04:40.328"/>
</kw>
<status status="PASS" starttime="20221026 03:04:40.320" endtime="20221026 03:04:40.328"/>
</branch>
<status status="PASS" starttime="20221026 03:04:40.312" endtime="20221026 03:04:40.328"/>
</if>
<kw name="Execute Javascript" library="SeleniumLibrary">
<var>${actual_tooltip}</var>
<arg>return document.querySelector('${locator}').validationMessage</arg>
<doc>Executes the given JavaScript code with possible arguments.</doc>
<msg timestamp="20221026 03:04:40.328" level="INFO">Executing JavaScript:
return document.querySelector('#phone').validationMessage
Without any arguments.</msg>
<msg timestamp="20221026 03:04:40.336" level="INFO">${actual_tooltip} = Please fill out this field.</msg>
<status status="PASS" starttime="20221026 03:04:40.328" endtime="20221026 03:04:40.336"/>
</kw>
<msg timestamp="20221026 03:04:40.336" level="INFO">${actual_tooltip} = Please fill out this field.</msg>
<status status="PASS" starttime="20221026 03:04:40.312" endtime="20221026 03:04:40.336"/>
</kw>
<kw name="Should Be Equal" library="BuiltIn">
<arg>${expected_tooltip}</arg>
<arg>${actual_tooltip}</arg>
<doc>Fails if the given objects are unequal.</doc>
<status status="PASS" starttime="20221026 03:04:40.336" endtime="20221026 03:04:40.344"/>
</kw>
<status status="PASS" starttime="20221026 03:04:38.952" endtime="20221026 03:04:40.344"/>
</kw>
<kw name="Close Browser" library="SeleniumLibrary" type="TEARDOWN">
<doc>Closes the current browser.</doc>
<status status="PASS" starttime="20221026 03:04:40.344" endtime="20221026 03:04:42.491"/>
</kw>
<doc>Verify phone tooltip message</doc>
<status status="PASS" starttime="20221026 03:04:34.639" endtime="20221026 03:04:42.491"/>
</test>
<doc>Invalid account registration
Test case TC_03</doc>
<status status="PASS" starttime="20221026 03:04:03.324" endtime="20221026 03:04:42.499"/>
</suite>
<status status="PASS" starttime="20221026 03:03:46.715" endtime="20221026 03:04:42.515"/>
</suite>
<suite id="s1-s1-s2" name="Login Suite" source="c:\Mine\Company\SignantHealth\signant_health_framework\ui_suite\tests\2__login_suite">
<suite id="s1-s1-s2-s1" name="Valid Login Suite" source="c:\Mine\Company\SignantHealth\signant_health_framework\ui_suite\tests\2__login_suite\1__valid_login_suite.robot">
<test id="s1-s1-s2-s1-t1" name="Valid Login Test TC1" line="14">
<kw name="Launch Browser And Navigate To Demo App" library="CommonFunctionality" type="SETUP">
<kw name="Get Driver Path" library="driver_setup">
<var>${driver_path}</var>
<arg>${BROWSER_NAME}</arg>
<msg timestamp="20221026 03:04:42.662" level="INFO">====== WebDriver manager ======</msg>
<msg timestamp="20221026 03:04:43.522" level="INFO">Get LATEST chromedriver version for google-chrome 106.0.5249</msg>
<msg timestamp="20221026 03:04:44.216" level="INFO">Driver [C:\Users\JiDi\.wdm\drivers\chromedriver\win32\106.0.5249\chromedriver.exe] found in cache</msg>
<msg timestamp="20221026 03:04:44.216" level="INFO">${driver_path} = C:\Users\JiDi\.wdm\drivers\chromedriver\win32\106.0.5249\chromedriver.exe</msg>
<status status="PASS" starttime="20221026 03:04:42.657" endtime="20221026 03:04:44.216"/>
</kw>
<kw name="Open Browser" library="SeleniumLibrary">
<arg>browser=${BROWSER_NAME}</arg>
<arg>executable_path=${driver_path}</arg>
<doc>Opens a new browser instance to the optional ``url``.</doc>
<msg timestamp="20221026 03:04:44.224" level="INFO">Opening browser 'chrome' to base url 'None'.</msg>
<status status="PASS" starttime="20221026 03:04:44.216" endtime="20221026 03:04:45.698"/>
</kw>
<kw name="Maximize Browser Window" library="SeleniumLibrary">
<doc>Maximizes current browser window.</doc>
<status status="PASS" starttime="20221026 03:04:45.698" endtime="20221026 03:04:45.891"/>
</kw>
<kw name="Set Selenium Implicit Wait" library="SeleniumLibrary">
<arg>10s</arg>
<doc>Sets the implicit wait value used by Selenium.</doc>
<status status="PASS" starttime="20221026 03:04:45.891" endtime="20221026 03:04:45.891"/>
</kw>
<kw name="Set Selenium Timeout" library="SeleniumLibrary">
<arg>value=10s</arg>
<doc>Sets the timeout that is used by various keywords.</doc>
<status status="PASS" starttime="20221026 03:04:45.891" endtime="20221026 03:04:45.899"/>
</kw>
<kw name="Set Screenshot Directory" library="SeleniumLibrary">
<arg>path=UI_Suite/screenshot</arg>
<doc>Sets the directory for captured screenshots.</doc>
<status status="PASS" starttime="20221026 03:04:45.899" endtime="20221026 03:04:45.907"/>
</kw>
<kw name="Go To" library="SeleniumLibrary">
<arg>url=${URL}</arg>
<doc>Navigates the current browser window to the provided ``url``.</doc>
<msg timestamp="20221026 03:04:45.907" level="INFO">Opening url 'http://localhost:8080/'</msg>
<status status="PASS" starttime="20221026 03:04:45.907" endtime="20221026 03:04:46.871"/>
</kw>
<status status="PASS" starttime="20221026 03:04:42.657" endtime="20221026 03:04:46.879"/>
</kw>
<kw name="Valid Login Template">
<arg>bala_01</arg>
<arg>bala0017</arg>
<arg>User Information</arg>
<arg>bala_01</arg>
<arg>Balaji</arg>
<arg>Dinakaran</arg>
<arg>809567</arg>
<kw name="Click Login" library="HomePage">
<doc>Click on Login Link</doc>
<kw name="Click Element" library="SeleniumLibrary">
<arg>${LOGIN_LOCATOR}</arg>
<doc>Click the element identified by ``locator``.</doc>
<msg timestamp="20221026 03:04:46.887" level="INFO">Clicking element 'link=Log In'.</msg>
<status status="PASS" starttime="20221026 03:04:46.887" endtime="20221026 03:04:47.423"/>
</kw>
<status status="PASS" starttime="20221026 03:04:46.887" endtime="20221026 03:04:47.431"/>
</kw>
<kw name="Enter Login Username" library="LoginPage">
<arg>${username}</arg>
<doc>Types the given text into username field</doc>
<kw name="Input Text" library="SeleniumLibrary">
<arg>${LOGINUSERNAME_LOCATOR}</arg>
<arg>${username}</arg>
<doc>Types the given ``text`` into the text field identified by ``locator``.</doc>
<msg timestamp="20221026 03:04:47.439" level="INFO">Typing text 'bala_01' into text field 'css=#username'.</msg>
<status status="PASS" starttime="20221026 03:04:47.431" endtime="20221026 03:04:47.599"/>
</kw>
<status status="PASS" starttime="20221026 03:04:47.431" endtime="20221026 03:04:47.599"/>
</kw>
<kw name="Enter Login Password" library="LoginPage">
<arg>${password}</arg>
<doc>Types the given text into password field</doc>
<kw name="Input Text" library="SeleniumLibrary">
<arg>${LOGINPASSWORD_LOCATOR}</arg>
<arg>${password}</arg>
<doc>Types the given ``text`` into the text field identified by ``locator``.</doc>
<msg timestamp="20221026 03:04:47.599" level="INFO">Typing text 'bala0017' into text field 'css=#password'.</msg>
<status status="PASS" starttime="20221026 03:04:47.599" endtime="20221026 03:04:47.711"/>
</kw>
<status status="PASS" starttime="20221026 03:04:47.599" endtime="20221026 03:04:47.711"/>
</kw>
<kw name="Click Login Button" library="LoginPage">
<doc>Click on Login Button</doc>
<kw name="Click Button" library="SeleniumLibrary">
<arg>${LOGINBUTTON_LOCATOR}</arg>
<doc>Clicks the button identified by ``locator``.</doc>
<msg timestamp="20221026 03:04:47.718" level="INFO">Clicking button 'css=[value='Log In']'.</msg>
<status status="PASS" starttime="20221026 03:04:47.711" endtime="20221026 03:04:48.511"/>
</kw>
<status status="PASS" starttime="20221026 03:04:47.711" endtime="20221026 03:04:48.511"/>
</kw>
<kw name="Wait For Presence Of Logout" library="UserInformationPage">
<kw name="Wait Until Page Contains Element" library="SeleniumLibrary">
<arg>${LOGOUT_LOCAOTR}</arg>
<doc>Waits until the element ``locator`` appears on the current page.</doc>
<status status="PASS" starttime="20221026 03:04:48.511" endtime="20221026 03:04:48.542"/>
</kw>
<status status="PASS" starttime="20221026 03:04:48.511" endtime="20221026 03:04:48.542"/>
</kw>
<kw name="Validate User Information Header" library="UserInformationPage">
<arg>${expected_valid_message}</arg>
<doc>Validate User Information Header</doc>
<kw name="Element Text Should Be" library="SeleniumLibrary">
<arg>locator=${USERINFOHEADEAR_LOCATOR}</arg>
<arg>expected=${expected_valid_message}</arg>
<arg>message=User should have been navigated to login page</arg>
<doc>Verifies that element ``locator`` contains exact the text ``expected``.</doc>
<msg timestamp="20221026 03:04:48.542" level="INFO">Verifying element 'xpath=//section[@class='content']//h1' contains exact text 'User Information'.</msg>
<status status="PASS" starttime="20221026 03:04:48.542" endtime="20221026 03:04:48.630"/>
</kw>
<status status="PASS" starttime="20221026 03:04:48.542" endtime="20221026 03:04:48.630"/>
</kw>
<kw name="Validate User Information" library="UserInformationPage">
<arg>${expected_username}</arg>
<arg>${expected_firstname}</arg>
<arg>${expected_familyname}</arg>
<arg>${expected_phone}</arg>
<doc>Validate User Information such as firstname, lastname, phone</doc>
<kw name="Element Text Should Be" library="SeleniumLibrary">
<arg>locator=${USERNAME_LOCATOR}</arg>
<arg>expected=${expected_username}</arg>
<doc>Verifies that element ``locator`` contains exact the text ``expected``.</doc>
<msg timestamp="20221026 03:04:48.630" level="INFO">Verifying element 'css=#username' contains exact text 'bala_01'.</msg>
<status status="PASS" starttime="20221026 03:04:48.630" endtime="20221026 03:04:48.695"/>
</kw>
[...]
<kw name="Execute Javascript" library="SeleniumLibrary">
<var>${actual_tooltip}</var>
<arg>return document.querySelector('#password').validationMessage</arg>
<doc>Executes the given JavaScript code with possible arguments.</doc>
<status status="NOT RUN" starttime="20221026 03:05:05.087" endtime="20221026 03:05:05.087"/>
</kw>
<kw name="Should Be Equal" library="BuiltIn">
<arg>${expected_error_message}</arg>
<arg>${actual_tooltip}</arg>
<doc>Fails if the given objects are unequal.</doc>
<status status="NOT RUN" starttime="20221026 03:05:05.087" endtime="20221026 03:05:05.087"/>
</kw>
<status status="NOT RUN" starttime="20221026 03:05:05.087" endtime="20221026 03:05:05.087"/>
</branch>
<branch type="ELSE">
<kw name="Element Should Contain" library="SeleniumLibrary">
<arg>locator=xpath=//p[contains(text(),'incorrect')]</arg>
<arg>expected=${expected_error_message}</arg>
<arg>message=User should have been displayed with message as 'You provided incorrect login details'</arg>
<doc>Verifies that element ``locator`` contains text ``expected``.</doc>
<msg timestamp="20221026 03:05:05.183" level="INFO">Element 'xpath=//p[contains(text(),'incorrect')]' contains text 'You provided incorrect login details'.</msg>
<status status="PASS" starttime="20221026 03:05:05.087" endtime="20221026 03:05:05.183"/>
</kw>
<status status="PASS" starttime="20221026 03:05:05.087" endtime="20221026 03:05:05.191"/>
</branch>
<status status="PASS" starttime="20221026 03:05:05.071" endtime="20221026 03:05:05.191"/>
</if>
<status status="PASS" starttime="20221026 03:05:05.071" endtime="20221026 03:05:05.191"/>
</kw>
<status status="PASS" starttime="20221026 03:05:03.455" endtime="20221026 03:05:05.191"/>
</kw>
<kw name="Close Browser" library="SeleniumLibrary" type="TEARDOWN">
<doc>Closes the current browser.</doc>
<status status="PASS" starttime="20221026 03:05:05.191" endtime="20221026 03:05:07.381"/>
</kw>
<status status="PASS" starttime="20221026 03:04:59.099" endtime="20221026 03:05:07.381"/>
</test>
<test id="s1-s1-s2-s2-t3" name="Empty Username Tooltip Test" line="20">
<kw name="Launch Browser And Navigate To Demo App" library="CommonFunctionality" type="SETUP">
<kw name="Get Driver Path" library="driver_setup">
<var>${driver_path}</var>
<arg>${BROWSER_NAME}</arg>
<msg timestamp="20221026 03:05:07.397" level="INFO">====== WebDriver manager ======</msg>
<msg timestamp="20221026 03:05:08.040" level="INFO">Get LATEST chromedriver version for google-chrome 106.0.5249</msg>
<msg timestamp="20221026 03:05:08.847" level="INFO">Driver [C:\Users\JiDi\.wdm\drivers\chromedriver\win32\106.0.5249\chromedriver.exe] found in cache</msg>
<msg timestamp="20221026 03:05:08.855" level="INFO">${driver_path} = C:\Users\JiDi\.wdm\drivers\chromedriver\win32\106.0.5249\chromedriver.exe</msg>
<status status="PASS" starttime="20221026 03:05:07.397" endtime="20221026 03:05:08.855"/>
</kw>
<kw name="Open Browser" library="SeleniumLibrary">
<arg>browser=${BROWSER_NAME}</arg>
<arg>executable_path=${driver_path}</arg>
<doc>Opens a new browser instance to the optional ``url``.</doc>
<msg timestamp="20221026 03:05:08.855" level="INFO">Opening browser 'chrome' to base url 'None'.</msg>
<status status="PASS" starttime="20221026 03:05:08.855" endtime="20221026 03:05:10.200"/>
</kw>
<kw name="Maximize Browser Window" library="SeleniumLibrary">
<doc>Maximizes current browser window.</doc>
<status status="PASS" starttime="20221026 03:05:10.200" endtime="20221026 03:05:10.372"/>
</kw>
<kw name="Set Selenium Implicit Wait" library="SeleniumLibrary">
<arg>10s</arg>
<doc>Sets the implicit wait value used by Selenium.</doc>
<status status="PASS" starttime="20221026 03:05:10.372" endtime="20221026 03:05:10.372"/>
</kw>
<kw name="Set Selenium Timeout" library="SeleniumLibrary">
<arg>value=10s</arg>
<doc>Sets the timeout that is used by various keywords.</doc>
<status status="PASS" starttime="20221026 03:05:10.372" endtime="20221026 03:05:10.372"/>
</kw>
<kw name="Set Screenshot Directory" library="SeleniumLibrary">
<arg>path=UI_Suite/screenshot</arg>
<doc>Sets the directory for captured screenshots.</doc>
<status status="PASS" starttime="20221026 03:05:10.380" endtime="20221026 03:05:10.380"/>
</kw>
<kw name="Go To" library="SeleniumLibrary">
<arg>url=${URL}</arg>
<doc>Navigates the current browser window to the provided ``url``.</doc>
<msg timestamp="20221026 03:05:10.380" level="INFO">Opening url 'http://localhost:8080/'</msg>
<status status="PASS" starttime="20221026 03:05:10.380" endtime="20221026 03:05:11.372"/>
</kw>
<status status="PASS" starttime="20221026 03:05:07.389" endtime="20221026 03:05:11.372"/>
</kw>
<kw name="Invalid Login Template">
<arg>${EMPTY}</arg>
<arg>john123</arg>
<arg>Please fill out this field.</arg>
<kw name="Click Login" library="HomePage">
<doc>Click on Login Link</doc>
<kw name="Click Element" library="SeleniumLibrary">
<arg>${LOGIN_LOCATOR}</arg>
<doc>Click the element identified by ``locator``.</doc>
<msg timestamp="20221026 03:05:11.372" level="INFO">Clicking element 'link=Log In'.</msg>
<status status="PASS" starttime="20221026 03:05:11.372" endtime="20221026 03:05:11.836"/>
</kw>
<status status="PASS" starttime="20221026 03:05:11.372" endtime="20221026 03:05:11.836"/>
</kw>
<kw name="Enter Login Username" library="LoginPage">
<arg>${username}</arg>
<doc>Types the given text into username field</doc>
<kw name="Input Text" library="SeleniumLibrary">
<arg>${LOGINUSERNAME_LOCATOR}</arg>
<arg>${username}</arg>
<doc>Types the given ``text`` into the text field identified by ``locator``.</doc>
<msg timestamp="20221026 03:05:11.844" level="INFO">Typing text '' into text field 'css=#username'.</msg>
<status status="PASS" starttime="20221026 03:05:11.844" endtime="20221026 03:05:11.956"/>
</kw>
<status status="PASS" starttime="20221026 03:05:11.836" endtime="20221026 03:05:11.956"/>
</kw>
<kw name="Enter Login Password" library="LoginPage">
<arg>${password}</arg>
<doc>Types the given text into password field</doc>
<kw name="Input Text" library="SeleniumLibrary">
<arg>${LOGINPASSWORD_LOCATOR}</arg>
<arg>${password}</arg>
<doc>Types the given ``text`` into the text field identified by ``locator``.</doc>
<msg timestamp="20221026 03:05:11.956" level="INFO">Typing text 'john123' into text field 'css=#password'.</msg>
<status status="PASS" starttime="20221026 03:05:11.956" endtime="20221026 03:05:12.039"/>
</kw>
<status status="PASS" starttime="20221026 03:05:11.956" endtime="20221026 03:05:12.039"/>
</kw>
<kw name="Click Login Button" library="LoginPage">
<doc>Click on Login Button</doc>
<kw name="Click Button" library="SeleniumLibrary">
<arg>${LOGINBUTTON_LOCATOR}</arg>
<doc>Clicks the button identified by ``locator``.</doc>
<msg timestamp="20221026 03:05:12.039" level="INFO">Clicking button 'css=[value='Log In']'.</msg>
<status status="PASS" starttime="20221026 03:05:12.039" endtime="20221026 03:05:12.162"/>
</kw>
<status status="PASS" starttime="20221026 03:05:12.039" endtime="20221026 03:05:12.162"/>
</kw>
<kw name="Validate Invalid Login Error And Tooltip" library="LoginPage">
<arg>${username}</arg>
<arg>${password}</arg>
<arg>${expected_error_message}</arg>
<doc>Verify tooltip and error message</doc>
<if>
<branch type="IF" condition="'${username}' == '${EMPTY}'">
<kw name="Execute Javascript" library="SeleniumLibrary">
<var>${actual_tooltip}</var>
<arg>return document.querySelector('#username').validationMessage</arg>
<doc>Executes the given JavaScript code with possible arguments.</doc>
<msg timestamp="20221026 03:05:12.170" level="INFO">Executing JavaScript:
return document.querySelector('#username').validationMessage
Without any arguments.</msg>
<msg timestamp="20221026 03:05:12.178" level="INFO">${actual_tooltip} = Please fill out this field.</msg>
<status status="PASS" starttime="20221026 03:05:12.170" endtime="20221026 03:05:12.178"/>
</kw>
<kw name="Should Be Equal" library="BuiltIn">
<arg>${expected_error_message}</arg>
<arg>${actual_tooltip}</arg>
<doc>Fails if the given objects are unequal.</doc>
<status status="PASS" starttime="20221026 03:05:12.178" endtime="20221026 03:05:12.186"/>
</kw>
<status status="PASS" starttime="20221026 03:05:12.170" endtime="20221026 03:05:12.186"/>
</branch>
<branch type="ELSE IF" condition="'${password}' == '${EMPTY}'">
<kw name="Execute Javascript" library="SeleniumLibrary">
<var>${actual_tooltip}</var>
<arg>return document.querySelector('#password').validationMessage</arg>
<doc>Executes the given JavaScript code with possible arguments.</doc>
<status status="NOT RUN" starttime="20221026 03:05:12.186" endtime="20221026 03:05:12.186"/>
</kw>
<kw name="Should Be Equal" library="BuiltIn">
<arg>${expected_error_message}</arg>
<arg>${actual_tooltip}</arg>
<doc>Fails if the given objects are unequal.</doc>
<status status="NOT RUN" starttime="20221026 03:05:12.186" endtime="20221026 03:05:12.186"/>
</kw>
<status status="NOT RUN" starttime="20221026 03:05:12.186" endtime="20221026 03:05:12.186"/>
</branch>
<branch type="ELSE">
<kw name="Element Should Contain" library="SeleniumLibrary">
<arg>locator=xpath=//p[contains(text(),'incorrect')]</arg>
<arg>expected=${expected_error_message}</arg>
<arg>message=User should have been displayed with message as 'You provided incorrect login details'</arg>
<doc>Verifies that element ``locator`` contains text ``expected``.</doc>
<status status="NOT RUN" starttime="20221026 03:05:12.186" endtime="20221026 03:05:12.186"/>
</kw>
<status status="NOT RUN" starttime="20221026 03:05:12.186" endtime="20221026 03:05:12.186"/>
</branch>
<status status="PASS" starttime="20221026 03:05:12.170" endtime="20221026 03:05:12.186"/>
</if>
<status status="PASS" starttime="20221026 03:05:12.162" endtime="20221026 03:05:12.186"/>
</kw>
<status status="PASS" starttime="20221026 03:05:11.372" endtime="20221026 03:05:12.186"/>
</kw>
<kw name="Close Browser" library="SeleniumLibrary" type="TEARDOWN">
<doc>Closes the current browser.</doc>
<status status="PASS" starttime="20221026 03:05:12.186" endtime="20221026 03:05:14.374"/>
</kw>
<status status="PASS" starttime="20221026 03:05:07.389" endtime="20221026 03:05:14.374"/>
</test>
<test id="s1-s1-s2-s2-t4" name="Empty Password Tooltip Test" line="23">
<kw name="Launch Browser And Navigate To Demo App" library="CommonFunctionality" type="SETUP">
<kw name="Get Driver Path" library="driver_setup">
<var>${driver_path}</var>
<arg>${BROWSER_NAME}</arg>
<msg timestamp="20221026 03:05:14.390" level="INFO">====== WebDriver manager ======</msg>
<msg timestamp="20221026 03:05:15.072" level="INFO">Get LATEST chromedriver version for google-chrome 106.0.5249</msg>
<msg timestamp="20221026 03:05:16.289" level="INFO">Driver [C:\Users\JiDi\.wdm\drivers\chromedriver\win32\106.0.5249\chromedriver.exe] found in cache</msg>
<msg timestamp="20221026 03:05:16.289" level="INFO">${driver_path} = C:\Users\JiDi\.wdm\drivers\chromedriver\win32\106.0.5249\chromedriver.exe</msg>
<status status="PASS" starttime="20221026 03:05:14.382" endtime="20221026 03:05:16.289"/>
</kw>
<kw name="Open Browser" library="SeleniumLibrary">
<arg>browser=${BROWSER_NAME}</arg>
<arg>executable_path=${driver_path}</arg>
<doc>Opens a new browser instance to the optional ``url``.</doc>
<msg timestamp="20221026 03:05:16.297" level="INFO">Opening browser 'chrome' to base url 'None'.</msg>
<status status="PASS" starttime="20221026 03:05:16.289" endtime="20221026 03:05:17.893"/>
</kw>
<kw name="Maximize Browser Window" library="SeleniumLibrary">
<doc>Maximizes current browser window.</doc>
<status status="PASS" starttime="20221026 03:05:17.893" endtime="20221026 03:05:18.023"/>
</kw>
<kw name="Set Selenium Implicit Wait" library="SeleniumLibrary">
<arg>10s</arg>
<doc>Sets the implicit wait value used by Selenium.</doc>
<status status="PASS" starttime="20221026 03:05:18.023" endtime="20221026 03:05:18.023"/>
</kw>
<kw name="Set Selenium Timeout" library="SeleniumLibrary">
<arg>value=10s</arg>
<doc>Sets the timeout that is used by various keywords.</doc>
<status status="PASS" starttime="20221026 03:05:18.023" endtime="20221026 03:05:18.023"/>
</kw>
<kw name="Set Screenshot Directory" library="SeleniumLibrary">
<arg>path=UI_Suite/screenshot</arg>
<doc>Sets the directory for captured screenshots.</doc>
<status status="PASS" starttime="20221026 03:05:18.023" endtime="20221026 03:05:18.031"/>
</kw>
<kw name="Go To" library="SeleniumLibrary">
<arg>url=${URL}</arg>
<doc>Navigates the current browser window to the provided ``url``.</doc>
<msg timestamp="20221026 03:05:18.031" level="INFO">Opening url 'http://localhost:8080/'</msg>
<status status="PASS" starttime="20221026 03:05:18.031" endtime="20221026 03:05:19.071"/>
</kw>
<status status="PASS" starttime="20221026 03:05:14.382" endtime="20221026 03:05:19.071"/>
</kw>
<kw name="Invalid Login Template">
<arg>john</arg>
<arg>${EMPTY}</arg>
<arg>Please fill out this field.</arg>
<kw name="Click Login" library="HomePage">
<doc>Click on Login Link</doc>
<kw name="Click Element" library="SeleniumLibrary">
<arg>${LOGIN_LOCATOR}</arg>
<doc>Click the element identified by ``locator``.</doc>
<msg timestamp="20221026 03:05:19.071" level="INFO">Clicking element 'link=Log In'.</msg>
<status status="PASS" starttime="20221026 03:05:19.071" endtime="20221026 03:05:19.536"/>
</kw>
<status status="PASS" starttime="20221026 03:05:19.071" endtime="20221026 03:05:19.536"/>
</kw>
<kw name="Enter Login Username" library="LoginPage">
<arg>${username}</arg>
<doc>Types the given text into username field</doc>
<kw name="Input Text" library="SeleniumLibrary">
<arg>${LOGINUSERNAME_LOCATOR}</arg>
<arg>${username}</arg>
<doc>Types the given ``text`` into the text field identified by ``locator``.</doc>
<msg timestamp="20221026 03:05:19.536" level="INFO">Typing text 'john' into text field 'css=#username'.</msg>
<status status="PASS" starttime="20221026 03:05:19.536" endtime="20221026 03:05:19.664"/>
</kw>
<status status="PASS" starttime="20221026 03:05:19.536" endtime="20221026 03:05:19.672"/>
</kw>
<kw name="Enter Login Password" library="LoginPage">
<arg>${password}</arg>
<doc>Types the given text into password field</doc>
<kw name="Input Text" library="SeleniumLibrary">
<arg>${LOGINPASSWORD_LOCATOR}</arg>
<arg>${password}</arg>
<doc>Types the given ``text`` into the text field identified by ``locator``.</doc>
<msg timestamp="20221026 03:05:19.672" level="INFO">Typing text '' into text field 'css=#password'.</msg>
<status status="PASS" starttime="20221026 03:05:19.672" endtime="20221026 03:05:19.736"/>
</kw>
<status status="PASS" starttime="20221026 03:05:19.672" endtime="20221026 03:05:19.744"/>
</kw>
<kw name="Click Login Button" library="LoginPage">
<doc>Click on Login Button</doc>
<kw name="Click Button" library="SeleniumLibrary">
<arg>${LOGINBUTTON_LOCATOR}</arg>
<doc>Clicks the button identified by ``locator``.</doc>
<msg timestamp="20221026 03:05:19.744" level="INFO">Clicking button 'css=[value='Log In']'.</msg>
<status status="PASS" starttime="20221026 03:05:19.744" endtime="20221026 03:05:19.816"/>
</kw>
<status status="PASS" starttime="20221026 03:05:19.744" endtime="20221026 03:05:19.816"/>
</kw>
<kw name="Validate Invalid Login Error And Tooltip" library="LoginPage">
<arg>${username}</arg>
<arg>${password}</arg>
<arg>${expected_error_message}</arg>
<doc>Verify tooltip and error message</doc>
<if>
<branch type="IF" condition="'${username}' == '${EMPTY}'">
<kw name="Execute Javascript" library="SeleniumLibrary">
<var>${actual_tooltip}</var>
<arg>return document.querySelector('#username').validationMessage</arg>
<doc>Executes the given JavaScript code with possible arguments.</doc>
<status status="NOT RUN" starttime="20221026 03:05:19.816" endtime="20221026 03:05:19.816"/>
</kw>
<kw name="Should Be Equal" library="BuiltIn">
<arg>${expected_error_message}</arg>
<arg>${actual_tooltip}</arg>
<doc>Fails if the given objects are unequal.</doc>
<status status="NOT RUN" starttime="20221026 03:05:19.816" endtime="20221026 03:05:19.816"/>
</kw>
<status status="NOT RUN" starttime="20221026 03:05:19.816" endtime="20221026 03:05:19.816"/>
</branch>
<branch type="ELSE IF" condition="'${password}' == '${EMPTY}'">
<kw name="Execute Javascript" library="SeleniumLibrary">
<var>${actual_tooltip}</var>
<arg>return document.querySelector('#password').validationMessage</arg>
<doc>Executes the given JavaScript code with possible arguments.</doc>
<msg timestamp="20221026 03:05:19.824" level="INFO">Executing JavaScript:
return document.querySelector('#password').validationMessage
Without any arguments.</msg>
<msg timestamp="20221026 03:05:19.824" level="INFO">${actual_tooltip} = Please fill out this field.</msg>
<status status="PASS" starttime="20221026 03:05:19.816" endtime="20221026 03:05:19.832"/>
</kw>
<kw name="Should Be Equal" library="BuiltIn">
<arg>${expected_error_message}</arg>
<arg>${actual_tooltip}</arg>
<doc>Fails if the given objects are unequal.</doc>
<status status="PASS" starttime="20221026 03:05:19.832" endtime="20221026 03:05:19.832"/>
</kw>
<status status="PASS" starttime="20221026 03:05:19.816" endtime="20221026 03:05:19.832"/>
</branch>
<branch type="ELSE">
<kw name="Element Should Contain" library="SeleniumLibrary">
<arg>locator=xpath=//p[contains(text(),'incorrect')]</arg>
<arg>expected=${expected_error_message}</arg>
<arg>message=User should have been displayed with message as 'You provided incorrect login details'</arg>
<doc>Verifies that element ``locator`` contains text ``expected``.</doc>
<status status="NOT RUN" starttime="20221026 03:05:19.832" endtime="20221026 03:05:19.832"/>
</kw>
<status status="NOT RUN" starttime="20221026 03:05:19.832" endtime="20221026 03:05:19.832"/>
</branch>
<status status="PASS" starttime="20221026 03:05:19.816" endtime="20221026 03:05:19.832"/>
</if>
<status status="PASS" starttime="20221026 03:05:19.816" endtime="20221026 03:05:19.832"/>
</kw>
<status status="PASS" starttime="20221026 03:05:19.071" endtime="20221026 03:05:19.832"/>
</kw>
<kw name="Close Browser" library="SeleniumLibrary" type="TEARDOWN">
<doc>Closes the current browser.</doc>
<status status="PASS" starttime="20221026 03:05:19.832" endtime="20221026 03:05:22.010"/>
</kw>
<status status="PASS" starttime="20221026 03:05:14.382" endtime="20221026 03:05:22.010"/>
</test>
<doc>Invalid user login
Test case TC_05
test data for the combination of invalid username and password are taken
from excel at test_data/ui_test_data.xlsx</doc>
<status status="PASS" starttime="20221026 03:04:51.206" endtime="20221026 03:05:22.018"/>
</suite>
<status status="PASS" starttime="20221026 03:04:42.523" endtime="20221026 03:05:22.034"/>
</suite>
<status status="PASS" starttime="20221026 03:03:46.707" endtime="20221026 03:05:22.050"/>
</suite>
<status status="PASS" starttime="20221026 03:03:46.661" endtime="20221026 03:05:22.074"/>
</suite>
<statistics>
<total>
<stat pass="12" fail="0" skip="0">All Tests</stat>
</total>
<tag>
</tag>
<suite>
<stat pass="12" fail="0" skip="0" id="s1" name="Ui Suite">Ui Suite</stat>
<stat pass="12" fail="0" skip="0" id="s1-s1" name="Tests">Ui Suite.Tests</stat>
<stat pass="7" fail="0" skip="0" id="s1-s1-s1" name="Register Suite">Ui Suite.Tests.Register Suite</stat>
<stat pass="1" fail="0" skip="0" id="s1-s1-s1-s1" name="Valid Register Suite">Ui Suite.Tests.Register Suite.Valid Register Suite</stat>
<stat pass="1" fail="0" skip="0" id="s1-s1-s1-s2" name="Invalid Register Suite">Ui Suite.Tests.Register Suite.Invalid Register Suite</stat>
<stat pass="5" fail="0" skip="0" id="s1-s1-s1-s3" name="Invalid Register Tooltip Suite">Ui Suite.Tests.Register Suite.Invalid Register Tooltip Suite</stat>
<stat pass="5" fail="0" skip="0" id="s1-s1-s2" name="Login Suite">Ui Suite.Tests.Login Suite</stat>
<stat pass="1" fail="0" skip="0" id="s1-s1-s2-s1" name="Valid Login Suite">Ui Suite.Tests.Login Suite.Valid Login Suite</stat>
<stat pass="4" fail="0" skip="0" id="s1-s1-s2-s2" name="Invalid Login Suite">Ui Suite.Tests.Login Suite.Invalid Login Suite</stat>
</suite>
</statistics>
<errors>
</errors>
</robot>
